CREATE,0000.00,bell_412.obj,0,0,0,0,125,255,0,0,0,0.6,Flight_demo
SET_CAMERA,0000.20,2,15,45
ADD_LIGHT,0000.22,0,0,0,255,0,0
ADD_LIGHT,0000.24,0,1.5,-3.5,0,255,255
ADD_LIGHT,0000.28,0,1.5,0,0,0,255
ADD_LIGHT,0000.32,0.5,0,0.75,255,255,0
ADD_LIGHT,0000.36,-0.5,0,0.75,255,0,255
MODIFY,0000.50,1,0,0.1,0,0,125,255,5,0,0,0.6,Flight_demo
MODIFY,0000.60,1,0,0.3,0,0,125,255,10,0,0,0.6,Flight_demo
MODIFY,0000.70,1,0,0.6,0.2,0,125,255,15,0,0,0.6,Flight_demo
MODIFY,0000.80,1,0,0.9,0.5,0,125,255,20,0,0,0.6,Flight_demo
MODIFY,0000.90,1,0,1.2,0.9,0,125,255,25,0,0,0.6,Flight_demo
MODIFY,0001.00,1,0,1.4,1.3,0,125,255,25,0,0,0.6,Flight_demo
MODIFY,0001.10,1,0,1.55,1.6,0,125,255,25,0,0,0.6,Flight_demo
MODIFY,0001.20,1,0,1.65,2,0,125,255,25,0,0,0.6,Flight_demo
MODIFY,0001.30,1,0,1.72,2.6,0,125,255,25,0,0,0.6,Flight_demo
MODIFY,0001.40,1,0,1.75,3.2,0,125,255,25,0,0,0.6,Flight_demo
MODIFY,0001.50,1,0,1.75,3.8,0,125,255,25,0,0,0.6,Flight_demo
MODIFY,0001.60,1,0,1.75,4.4,0,125,255,25,0,0,0.6,Flight_demo
MODIFY,0001.70,1,0,1.75,5.0,0,125,255,20,0,5,0.6,Flight_demo
MODIFY,0001.80,1,0,1.75,5.6,0,125,255,15,0,10,0.6,Flight_demo
MODIFY,0001.90,1,-0.2,1.75,6.1,0,125,255,10,-5,15,0.55,Flight_demo
MODIFY,0002.00,1,-0.5,1.75,6.6,0,125,255,5,-10,20,0.5,Flight_demo
MODIFY,0002.10,1,-0.9,1.75,7,0,125,255,0,-20,25,0.45,Flight_demo
MODIFY,0002.20,1,-1.3,1.75,7.4,0,125,255,0,-30,25,0.45,Flight_demo
MODIFY,0002.30,1,-1.7,1.75,7.7,0,125,255,0,-40,25,0.45,Flight_demo
MODIFY,0002.40,1,-2.1,1.75,7.9,0,125,255,0,-50,25,0.45,Flight_demo
MODIFY,0002.50,1,-2.6,1.75,8.1,0,125,255,0,-60,25,0.45,Flight_demo
MODIFY,0002.60,1,-3,1.75,8.3,0,125,255,0,-70,25,0.45,Flight_demo