CREATE,0000.00,bell_412.obj,0,2,0,0,125,255,0,0,0.6,helicopter_1
CREATE,0000.00,bell_412.obj,-4,2,0,255,0,255,0,0,0.6,helicopter_2
CREATE,0000.00,bell_412.obj,4,2,0,175,255,0,0,0,0.6,helicopter_3
SET_LABEL,0001.00,1,0
SET_LABEL,0001.00,2,0
SET_LABEL,0001.00,3,0
SET_CAMERA,0001.50,1,0,45,20,-10,-20
ADD_LIGHT,0002.00,0,0,0,255,0,0
ADD_LIGHT,0002.04,0,0.5,0,0,255,0
ADD_LIGHT,0002.08,0,-0.5,0,0,0,255
ADD_LIGHT,0002.12,0.5,0,0,255,255,0
ADD_LIGHT,0002.16,-0.5,0,0,255,0,255
SET_CAMERA,0002.25,2,15,45
MODIFY,0003.00,1,0,2,0,0,125,255,5,0,0.6,helicopter_1
MODIFY,0003.04,2,-4,2,0,255,0,255,0,5,0.6,helicopter_2
MODIFY,0003.08,3,4,2,0,175,255,0,5,5,0.6,helicopter_3
MODIFY,0003.12,1,0,2,0,0,125,255,10,0,0.6,helicopter_1
MODIFY,0003.16,2,-4,2,0,255,0,255,0,10,0.6,helicopter_2
MODIFY,0003.20,3,4,2,0,175,255,0,10,10,0.6,helicopter_3
MODIFY,0003.24,1,0,2,0,0,125,255,15,0,0.6,helicopter_1
MODIFY,0003.28,2,-4,2,0,255,0,255,0,15,0.6,helicopter_2
MODIFY,0003.32,3,4,2,0,175,255,0,15,15,0.6,helicopter_3
MODIFY,0003.36,1,0,2,0,0,125,255,20,0,0.6,helicopter_1
MODIFY,0003.40,2,-4,2,0,255,0,255,0,20,0.6,helicopter_2
MODIFY,0003.44,3,4,2,0,175,255,0,20,20,0.6,helicopter_3
MODIFY,0003.48,1,0,2,0,0,125,255,25,0,0.6,helicopter_1
MODIFY,0003.52,2,-4,2,0,255,0,255,0,25,0.6,helicopter_2
MODIFY,0003.56,3,4,2,0,175,255,0,25,25,0.6,helicopter_3
MODIFY,0003.60,1,0,2,0,0,125,255,30,0,0.6,helicopter_1
MODIFY,0003.64,2,-4,2,0,255,0,255,0,30,0.6,helicopter_2
MODIFY,0003.68,3,4,2,0,175,255,0,30,30,0.6,helicopter_3
MODIFY,0003.72,1,0,2,0,0,125,255,35,0,0.6,helicopter_1
MODIFY,0003.76,2,-4,2,0,255,0,255,0,35,0.6,helicopter_2
MODIFY,0003.80,3,4,2,0,175,255,0,35,35,0.6,helicopter_3
MODIFY,0003.84,1,0,2,0,0,125,255,40,0,0.6,helicopter_1
MODIFY,0003.88,2,-4,2,0,255,0,255,0,40,0.6,helicopter_2
MODIFY,0003.92,3,4,2,0,175,255,0,40,40,0.6,helicopter_3
MODIFY,0003.96,1,0,2,0,0,125,255,45,0,0.6,helicopter_1
MODIFY,0004.00,2,-4,2,0,255,0,255,0,45,0.6,helicopter_2
MODIFY,0004.04,3,4,2,0,175,255,0,45,45,0.6,helicopter_3
MODIFY,0004.08,1,0,2,0,0,125,255,50,0,0.6,helicopter_1
MODIFY,0004.12,2,-4,2,0,255,0,255,0,50,0.6,helicopter_2
MODIFY,0004.16,3,4,2,0,175,255,0,50,50,0.6,helicopter_3
MODIFY,0004.20,1,0,2,0,0,125,255,55,0,0.6,helicopter_1
MODIFY,0004.24,2,-4,2,0,255,0,255,0,55,0.6,helicopter_2
MODIFY,0004.28,3,4,2,0,175,255,0,55,55,0.6,helicopter_3
MODIFY,0004.32,1,0,2,0,0,125,255,60,0,0.6,helicopter_1
MODIFY,0004.36,2,-4,2,0,255,0,255,0,60,0.6,helicopter_2
MODIFY,0004.40,3,4,2,0,175,255,0,60,60,0.6,helicopter_3
MODIFY,0004.44,1,0,2,0,0,125,255,65,0,0.6,helicopter_1
MODIFY,0004.48,2,-4,2,0,255,0,255,0,65,0.6,helicopter_2
MODIFY,0004.52,3,4,2,0,175,255,0,65,65,0.6,helicopter_3
MODIFY,0004.56,1,0,2,0,0,125,255,70,0,0.6,helicopter_1
MODIFY,0004.60,2,-4,2,0,255,0,255,0,70,0.6,helicopter_2
MODIFY,0004.64,3,4,2,0,175,255,0,70,70,0.6,helicopter_3
MODIFY,0004.68,1,0,2,0,0,125,255,75,0,0.6,helicopter_1
MODIFY,0004.72,2,-4,2,0,255,0,255,0,75,0.6,helicopter_2
MODIFY,0004.76,3,4,2,0,175,255,0,75,75,0.6,helicopter_3
MODIFY,0004.80,1,0,2,0,0,125,255,80,0,0.6,helicopter_1
MODIFY,0004.84,2,-4,2,0,255,0,255,0,80,0.6,helicopter_2
MODIFY,0004.88,3,4,2,0,175,255,0,80,80,0.6,helicopter_3
MODIFY,0004.92,1,0,2,0,0,125,255,85,0,0.6,helicopter_1
MODIFY,0004.96,2,-4,2,0,255,0,255,0,85,0.6,helicopter_2
MODIFY,0005.00,3,4,2,0,175,255,0,85,85,0.6,helicopter_3
MODIFY,0005.04,1,0,2,0,0,125,255,90,0,0.6,helicopter_1
MODIFY,0005.08,2,-4,2,0,255,0,255,0,90,0.6,helicopter_2
MODIFY,0005.12,3,4,2,0,175,255,0,90,90,0.6,helicopter_3
MODIFY,0005.16,1,0,2,0,0,125,255,95,0,0.6,helicopter_1
MODIFY,0005.20,2,-4,2,0,255,0,255,0,95,0.6,helicopter_2
MODIFY,0005.24,3,4,2,0,175,255,0,95,95,0.6,helicopter_3
MODIFY,0005.28,1,0,2,0,0,125,255,100,0,0.6,helicopter_1
MODIFY,0005.32,2,-4,2,0,255,0,255,0,100,0.6,helicopter_2
MODIFY,0005.36,3,4,2,0,175,255,0,100,100,0.6,helicopter_3
MODIFY,0005.40,1,0,2,0,0,125,255,105,0,0.6,helicopter_1
MODIFY,0005.44,2,-4,2,0,255,0,255,0,105,0.6,helicopter_2
MODIFY,0005.48,3,4,2,0,175,255,0,105,105,0.6,helicopter_3
MODIFY,0005.52,1,0,2,0,0,125,255,110,0,0.6,helicopter_1
MODIFY,0005.56,2,-4,2,0,255,0,255,0,110,0.6,helicopter_2
MODIFY,0005.60,3,4,2,0,175,255,0,110,110,0.6,helicopter_3
MODIFY,0005.64,1,0,2,0,0,125,255,115,0,0.6,helicopter_1
MODIFY,0005.68,2,-4,2,0,255,0,255,0,115,0.6,helicopter_2
MODIFY,0005.72,3,4,2,0,175,255,0,115,115,0.6,helicopter_3
MODIFY,0005.76,1,0,2,0,0,125,255,120,0,0.6,helicopter_1
MODIFY,0005.80,2,-4,2,0,255,0,255,0,120,0.6,helicopter_2
MODIFY,0005.84,3,4,2,0,175,255,0,120,120,0.6,helicopter_3
MODIFY,0005.88,1,0,2,0,0,125,255,125,0,0.6,helicopter_1
MODIFY,0005.92,2,-4,2,0,255,0,255,0,125,0.6,helicopter_2
MODIFY,0005.96,3,4,2,0,175,255,0,125,125,0.6,helicopter_3
MODIFY,0006.00,1,0,2,0,0,125,255,130,0,0.6,helicopter_1
MODIFY,0006.04,2,-4,2,0,255,0,255,0,130,0.6,helicopter_2
MODIFY,0006.08,3,4,2,0,175,255,0,130,130,0.6,helicopter_3
MODIFY,0006.12,1,0,2,0,0,125,255,135,0,0.6,helicopter_1
MODIFY,0006.16,2,-4,2,0,255,0,255,0,135,0.6,helicopter_2
MODIFY,0006.20,3,4,2,0,175,255,0,135,135,0.6,helicopter_3
MODIFY,0006.24,1,0,2,0,0,125,255,140,0,0.6,helicopter_1
MODIFY,0006.28,2,-4,2,0,255,0,255,0,140,0.6,helicopter_2
MODIFY,0006.32,3,4,2,0,175,255,0,140,140,0.6,helicopter_3
MODIFY,0006.36,1,0,2,0,0,125,255,145,0,0.6,helicopter_1
MODIFY,0006.40,2,-4,2,0,255,0,255,0,145,0.6,helicopter_2
MODIFY,0006.44,3,4,2,0,175,255,0,145,145,0.6,helicopter_3
MODIFY,0006.48,1,0,2,0,0,125,255,150,0,0.6,helicopter_1
MODIFY,0006.52,2,-4,2,0,255,0,255,0,150,0.6,helicopter_2
MODIFY,0006.56,3,4,2,0,175,255,0,150,150,0.6,helicopter_3
MODIFY,0006.60,1,0,2,0,0,125,255,155,0,0.6,helicopter_1
MODIFY,0006.64,2,-4,2,0,255,0,255,0,155,0.6,helicopter_2
MODIFY,0006.68,3,4,2,0,175,255,0,155,155,0.6,helicopter_3
MODIFY,0006.72,1,0,2,0,0,125,255,160,0,0.6,helicopter_1
MODIFY,0006.76,2,-4,2,0,255,0,255,0,160,0.6,helicopter_2
MODIFY,0006.80,3,4,2,0,175,255,0,160,160,0.6,helicopter_3
MODIFY,0006.84,1,0,2,0,0,125,255,165,0,0.6,helicopter_1
MODIFY,0006.88,2,-4,2,0,255,0,255,0,165,0.6,helicopter_2
MODIFY,0006.92,3,4,2,0,175,255,0,165,165,0.6,helicopter_3
MODIFY,0006.96,1,0,2,0,0,125,255,170,0,0.6,helicopter_1
MODIFY,0007.00,2,-4,2,0,255,0,255,0,170,0.6,helicopter_2
MODIFY,0007.04,3,4,2,0,175,255,0,170,170,0.6,helicopter_3
MODIFY,0007.08,1,0,2,0,0,125,255,175,0,0.6,helicopter_1
MODIFY,0007.12,2,-4,2,0,255,0,255,0,175,0.6,helicopter_2
MODIFY,0007.16,3,4,2,0,175,255,0,175,175,0.6,helicopter_3
MODIFY,0007.20,1,0,2,0,0,125,255,-180,0,0.6,helicopter_1
MODIFY,0007.24,2,-4,2,0,255,0,255,0,-180,0.6,helicopter_2
MODIFY,0007.28,3,4,2,0,175,255,0,-180,-180,0.6,helicopter_3
MODIFY,0007.32,1,0,2,0,0,125,255,-175,0,0.6,helicopter_1
MODIFY,0007.36,2,-4,2,0,255,0,255,0,-175,0.6,helicopter_2
MODIFY,0007.40,3,4,2,0,175,255,0,-175,-175,0.6,helicopter_3
MODIFY,0007.44,1,0,2,0,0,125,255,-170,0,0.6,helicopter_1
MODIFY,0007.48,2,-4,2,0,255,0,255,0,-170,0.6,helicopter_2
MODIFY,0007.52,3,4,2,0,175,255,0,-170,-170,0.6,helicopter_3
MODIFY,0007.56,1,0,2,0,0,125,255,-165,0,0.6,helicopter_1
MODIFY,0007.60,2,-4,2,0,255,0,255,0,-165,0.6,helicopter_2
MODIFY,0007.64,3,4,2,0,175,255,0,-165,-165,0.6,helicopter_3
MODIFY,0007.68,1,0,2,0,0,125,255,-160,0,0.6,helicopter_1
MODIFY,0007.72,2,-4,2,0,255,0,255,0,-160,0.6,helicopter_2
MODIFY,0007.76,3,4,2,0,175,255,0,-160,-160,0.6,helicopter_3
MODIFY,0007.80,1,0,2,0,0,125,255,-155,0,0.6,helicopter_1
MODIFY,0007.84,2,-4,2,0,255,0,255,0,-155,0.6,helicopter_2
MODIFY,0007.88,3,4,2,0,175,255,0,-155,-155,0.6,helicopter_3
MODIFY,0007.92,1,0,2,0,0,125,255,-150,0,0.6,helicopter_1
MODIFY,0007.96,2,-4,2,0,255,0,255,0,-150,0.6,helicopter_2
MODIFY,0008.00,3,4,2,0,175,255,0,-150,-150,0.6,helicopter_3
MODIFY,0008.04,1,0,2,0,0,125,255,-145,0,0.6,helicopter_1
MODIFY,0008.08,2,-4,2,0,255,0,255,0,-145,0.6,helicopter_2
MODIFY,0008.12,3,4,2,0,175,255,0,-145,-145,0.6,helicopter_3
MODIFY,0008.16,1,0,2,0,0,125,255,-140,0,0.6,helicopter_1
MODIFY,0008.20,2,-4,2,0,255,0,255,0,-140,0.6,helicopter_2
MODIFY,0008.24,3,4,2,0,175,255,0,-140,-140,0.6,helicopter_3
MODIFY,0008.28,1,0,2,0,0,125,255,-135,0,0.6,helicopter_1
MODIFY,0008.32,2,-4,2,0,255,0,255,0,-135,0.6,helicopter_2
MODIFY,0008.36,3,4,2,0,175,255,0,-135,-135,0.6,helicopter_3
MODIFY,0008.40,1,0,2,0,0,125,255,-130,0,0.6,helicopter_1
MODIFY,0008.44,2,-4,2,0,255,0,255,0,-130,0.6,helicopter_2
MODIFY,0008.48,3,4,2,0,175,255,0,-130,-130,0.6,helicopter_3
MODIFY,0008.52,1,0,2,0,0,125,255,-125,0,0.6,helicopter_1
MODIFY,0008.56,2,-4,2,0,255,0,255,0,-125,0.6,helicopter_2
MODIFY,0008.60,3,4,2,0,175,255,0,-125,-125,0.6,helicopter_3
MODIFY,0008.64,1,0,2,0,0,125,255,-120,0,0.6,helicopter_1
MODIFY,0008.68,2,-4,2,0,255,0,255,0,-120,0.6,helicopter_2
MODIFY,0008.72,3,4,2,0,175,255,0,-120,-120,0.6,helicopter_3
MODIFY,0008.76,1,0,2,0,0,125,255,-115,0,0.6,helicopter_1
MODIFY,0008.80,2,-4,2,0,255,0,255,0,-115,0.6,helicopter_2
MODIFY,0008.84,3,4,2,0,175,255,0,-115,-115,0.6,helicopter_3
MODIFY,0008.88,1,0,2,0,0,125,255,-110,0,0.6,helicopter_1
MODIFY,0008.92,2,-4,2,0,255,0,255,0,-110,0.6,helicopter_2
MODIFY,0008.96,3,4,2,0,175,255,0,-110,-110,0.6,helicopter_3
MODIFY,0009.00,1,0,2,0,0,125,255,-105,0,0.6,helicopter_1
MODIFY,0009.04,2,-4,2,0,255,0,255,0,-105,0.6,helicopter_2
MODIFY,0009.08,3,4,2,0,175,255,0,-105,-105,0.6,helicopter_3
MODIFY,0009.12,1,0,2,0,0,125,255,-100,0,0.6,helicopter_1
MODIFY,0009.16,2,-4,2,0,255,0,255,0,-100,0.6,helicopter_2
MODIFY,0009.20,3,4,2,0,175,255,0,-100,-100,0.6,helicopter_3
MODIFY,0009.24,1,0,2,0,0,125,255,-95,0,0.6,helicopter_1
MODIFY,0009.28,2,-4,2,0,255,0,255,0,-95,0.6,helicopter_2
MODIFY,0009.32,3,4,2,0,175,255,0,-95,-95,0.6,helicopter_3
MODIFY,0009.36,1,0,2,0,0,125,255,-90,0,0.6,helicopter_1
MODIFY,0009.40,2,-4,2,0,255,0,255,0,-90,0.6,helicopter_2
MODIFY,0009.44,3,4,2,0,175,255,0,-90,-90,0.6,helicopter_3
MODIFY,0009.48,1,0,2,0,0,125,255,-85,0,0.6,helicopter_1
MODIFY,0009.52,2,-4,2,0,255,0,255,0,-85,0.6,helicopter_2
MODIFY,0009.56,3,4,2,0,175,255,0,-85,-85,0.6,helicopter_3
MODIFY,0009.60,1,0,2,0,0,125,255,-80,0,0.6,helicopter_1
MODIFY,0009.64,2,-4,2,0,255,0,255,0,-80,0.6,helicopter_2
MODIFY,0009.68,3,4,2,0,175,255,0,-80,-80,0.6,helicopter_3
MODIFY,0009.72,1,0,2,0,0,125,255,-75,0,0.6,helicopter_1
MODIFY,0009.76,2,-4,2,0,255,0,255,0,-75,0.6,helicopter_2
MODIFY,0009.80,3,4,2,0,175,255,0,-75,-75,0.6,helicopter_3
MODIFY,0009.84,1,0,2,0,0,125,255,-70,0,0.6,helicopter_1
MODIFY,0009.88,2,-4,2,0,255,0,255,0,-70,0.6,helicopter_2
MODIFY,0009.92,3,4,2,0,175,255,0,-70,-70,0.6,helicopter_3
MODIFY,0009.96,1,0,2,0,0,125,255,-65,0,0.6,helicopter_1
MODIFY,0010.00,2,-4,2,0,255,0,255,0,-65,0.6,helicopter_2
MODIFY,0010.04,3,4,2,0,175,255,0,-65,-65,0.6,helicopter_3
MODIFY,0010.08,1,0,2,0,0,125,255,-60,0,0.6,helicopter_1
MODIFY,0010.12,2,-4,2,0,255,0,255,0,-60,0.6,helicopter_2
MODIFY,0010.16,3,4,2,0,175,255,0,-60,-60,0.6,helicopter_3
MODIFY,0010.20,1,0,2,0,0,125,255,-55,0,0.6,helicopter_1
MODIFY,0010.24,2,-4,2,0,255,0,255,0,-55,0.6,helicopter_2
MODIFY,0010.28,3,4,2,0,175,255,0,-55,-55,0.6,helicopter_3
MODIFY,0010.32,1,0,2,0,0,125,255,-50,0,0.6,helicopter_1
MODIFY,0010.36,2,-4,2,0,255,0,255,0,-50,0.6,helicopter_2
MODIFY,0010.40,3,4,2,0,175,255,0,-50,-50,0.6,helicopter_3
MODIFY,0010.44,1,0,2,0,0,125,255,-45,0,0.6,helicopter_1
MODIFY,0010.48,2,-4,2,0,255,0,255,0,-45,0.6,helicopter_2
MODIFY,0010.52,3,4,2,0,175,255,0,-45,-45,0.6,helicopter_3
MODIFY,0010.56,1,0,2,0,0,125,255,-40,0,0.6,helicopter_1
MODIFY,0010.60,2,-4,2,0,255,0,255,0,-40,0.6,helicopter_2
MODIFY,0010.64,3,4,2,0,175,255,0,-40,-40,0.6,helicopter_3
MODIFY,0010.68,1,0,2,0,0,125,255,-35,0,0.6,helicopter_1
MODIFY,0010.72,2,-4,2,0,255,0,255,0,-35,0.6,helicopter_2
MODIFY,0010.76,3,4,2,0,175,255,0,-35,-35,0.6,helicopter_3
MODIFY,0010.80,1,0,2,0,0,125,255,-30,0,0.6,helicopter_1
MODIFY,0010.84,2,-4,2,0,255,0,255,0,-30,0.6,helicopter_2
MODIFY,0010.88,3,4,2,0,175,255,0,-30,-30,0.6,helicopter_3
MODIFY,0010.92,1,0,2,0,0,125,255,-25,0,0.6,helicopter_1
MODIFY,0010.96,2,-4,2,0,255,0,255,0,-25,0.6,helicopter_2
MODIFY,0011.00,3,4,2,0,175,255,0,-25,-25,0.6,helicopter_3
MODIFY,0011.04,1,0,2,0,0,125,255,-20,0,0.6,helicopter_1
MODIFY,0011.08,2,-4,2,0,255,0,255,0,-20,0.6,helicopter_2
MODIFY,0011.12,3,4,2,0,175,255,0,-20,-20,0.6,helicopter_3
MODIFY,0011.16,1,0,2,0,0,125,255,-15,0,0.6,helicopter_1
MODIFY,0011.20,2,-4,2,0,255,0,255,0,-15,0.6,helicopter_2
MODIFY,0011.24,3,4,2,0,175,255,0,-15,-15,0.6,helicopter_3
MODIFY,0011.28,1,0,2,0,0,125,255,-10,0,0.6,helicopter_1
MODIFY,0011.32,2,-4,2,0,255,0,255,0,-10,0.6,helicopter_2
MODIFY,0011.36,3,4,2,0,175,255,0,-10,-10,0.6,helicopter_3
MODIFY,0011.40,1,0,2,0,0,125,255,-5,0,0.6,helicopter_1
MODIFY,0011.44,2,-4,2,0,255,0,255,0,-5,0.6,helicopter_2
MODIFY,0011.48,3,4,2,0,175,255,0,-5,-5,0.6,helicopter_3
MODIFY,0011.52,1,0,2,0,0,125,255,0,0,0.6,helicopter_1
MODIFY,0011.56,2,-4,2,0,255,0,255,0,0,0.6,helicopter_2
MODIFY,0011.60,3,4,2,0,175,255,0,0,0,0.6,helicopter_3
MODIFY,0011.64,1,0,2,0,0,125,255,5,0,0.6,helicopter_1
MODIFY,0011.68,2,-4,2,0,255,0,255,0,5,0.6,helicopter_2
MODIFY,0011.72,3,4,2,0,175,255,0,5,5,0.6,helicopter_3
MODIFY,0011.76,1,0,2,0,0,125,255,10,0,0.6,helicopter_1
MODIFY,0011.80,2,-4,2,0,255,0,255,0,10,0.6,helicopter_2
MODIFY,0011.84,3,4,2,0,175,255,0,10,10,0.6,helicopter_3
MODIFY,0011.88,1,0,2,0,0,125,255,15,0,0.6,helicopter_1
MODIFY,0011.92,2,-4,2,0,255,0,255,0,15,0.6,helicopter_2
MODIFY,0011.96,3,4,2,0,175,255,0,15,15,0.6,helicopter_3
MODIFY,0012.00,1,0,2,0,0,125,255,20,0,0.6,helicopter_1
MODIFY,0012.04,2,-4,2,0,255,0,255,0,20,0.6,helicopter_2
MODIFY,0012.08,3,4,2,0,175,255,0,20,20,0.6,helicopter_3
MODIFY,0012.12,1,0,2,0,0,125,255,25,0,0.6,helicopter_1
MODIFY,0012.16,2,-4,2,0,255,0,255,0,25,0.6,helicopter_2
MODIFY,0012.20,3,4,2,0,175,255,0,25,25,0.6,helicopter_3
MODIFY,0012.24,1,0,2,0,0,125,255,30,0,0.6,helicopter_1
MODIFY,0012.28,2,-4,2,0,255,0,255,0,30,0.6,helicopter_2
MODIFY,0012.32,3,4,2,0,175,255,0,30,30,0.6,helicopter_3
MODIFY,0012.36,1,0,2,0,0,125,255,35,0,0.6,helicopter_1
MODIFY,0012.40,2,-4,2,0,255,0,255,0,35,0.6,helicopter_2
MODIFY,0012.44,3,4,2,0,175,255,0,35,35,0.6,helicopter_3
MODIFY,0012.48,1,0,2,0,0,125,255,40,0,0.6,helicopter_1
MODIFY,0012.52,2,-4,2,0,255,0,255,0,40,0.6,helicopter_2
MODIFY,0012.56,3,4,2,0,175,255,0,40,40,0.6,helicopter_3
MODIFY,0012.60,1,0,2,0,0,125,255,45,0,0.6,helicopter_1
MODIFY,0012.64,2,-4,2,0,255,0,255,0,45,0.6,helicopter_2
MODIFY,0012.68,3,4,2,0,175,255,0,45,45,0.6,helicopter_3
MODIFY,0012.72,1,0,2,0,0,125,255,50,0,0.6,helicopter_1
MODIFY,0012.76,2,-4,2,0,255,0,255,0,50,0.6,helicopter_2
MODIFY,0012.80,3,4,2,0,175,255,0,50,50,0.6,helicopter_3
MODIFY,0012.84,1,0,2,0,0,125,255,55,0,0.6,helicopter_1
MODIFY,0012.88,2,-4,2,0,255,0,255,0,55,0.6,helicopter_2
MODIFY,0012.92,3,4,2,0,175,255,0,55,55,0.6,helicopter_3
MODIFY,0012.96,1,0,2,0,0,125,255,60,0,0.6,helicopter_1
MODIFY,0013.00,2,-4,2,0,255,0,255,0,60,0.6,helicopter_2
MODIFY,0013.04,3,4,2,0,175,255,0,60,60,0.6,helicopter_3
MODIFY,0013.08,1,0,2,0,0,125,255,65,0,0.6,helicopter_1
MODIFY,0013.12,2,-4,2,0,255,0,255,0,65,0.6,helicopter_2
MODIFY,0013.16,3,4,2,0,175,255,0,65,65,0.6,helicopter_3
MODIFY,0013.20,1,0,2,0,0,125,255,70,0,0.6,helicopter_1
MODIFY,0013.24,2,-4,2,0,255,0,255,0,70,0.6,helicopter_2
MODIFY,0013.28,3,4,2,0,175,255,0,70,70,0.6,helicopter_3
MODIFY,0013.32,1,0,2,0,0,125,255,75,0,0.6,helicopter_1
MODIFY,0013.36,2,-4,2,0,255,0,255,0,75,0.6,helicopter_2
MODIFY,0013.40,3,4,2,0,175,255,0,75,75,0.6,helicopter_3
MODIFY,0013.44,1,0,2,0,0,125,255,80,0,0.6,helicopter_1
MODIFY,0013.48,2,-4,2,0,255,0,255,0,80,0.6,helicopter_2
MODIFY,0013.52,3,4,2,0,175,255,0,80,80,0.6,helicopter_3
MODIFY,0013.56,1,0,2,0,0,125,255,85,0,0.6,helicopter_1
MODIFY,0013.60,2,-4,2,0,255,0,255,0,85,0.6,helicopter_2
MODIFY,0013.64,3,4,2,0,175,255,0,85,85,0.6,helicopter_3
MODIFY,0013.68,1,0,2,0,0,125,255,90,0,0.6,helicopter_1
MODIFY,0013.72,2,-4,2,0,255,0,255,0,90,0.6,helicopter_2
MODIFY,0013.76,3,4,2,0,175,255,0,90,90,0.6,helicopter_3
MODIFY,0013.80,1,0,2,0,0,125,255,95,0,0.6,helicopter_1
MODIFY,0013.84,2,-4,2,0,255,0,255,0,95,0.6,helicopter_2
MODIFY,0013.88,3,4,2,0,175,255,0,95,95,0.6,helicopter_3
MODIFY,0013.92,1,0,2,0,0,125,255,100,0,0.6,helicopter_1
MODIFY,0013.96,2,-4,2,0,255,0,255,0,100,0.6,helicopter_2
MODIFY,0014.00,3,4,2,0,175,255,0,100,100,0.6,helicopter_3
MODIFY,0014.04,1,0,2,0,0,125,255,105,0,0.6,helicopter_1
MODIFY,0014.08,2,-4,2,0,255,0,255,0,105,0.6,helicopter_2
MODIFY,0014.12,3,4,2,0,175,255,0,105,105,0.6,helicopter_3
MODIFY,0014.16,1,0,2,0,0,125,255,110,0,0.6,helicopter_1
MODIFY,0014.20,2,-4,2,0,255,0,255,0,110,0.6,helicopter_2
MODIFY,0014.24,3,4,2,0,175,255,0,110,110,0.6,helicopter_3
MODIFY,0014.28,1,0,2,0,0,125,255,115,0,0.6,helicopter_1
MODIFY,0014.32,2,-4,2,0,255,0,255,0,115,0.6,helicopter_2
MODIFY,0014.36,3,4,2,0,175,255,0,115,115,0.6,helicopter_3
MODIFY,0014.40,1,0,2,0,0,125,255,120,0,0.6,helicopter_1
MODIFY,0014.44,2,-4,2,0,255,0,255,0,120,0.6,helicopter_2
MODIFY,0014.48,3,4,2,0,175,255,0,120,120,0.6,helicopter_3
MODIFY,0014.52,1,0,2,0,0,125,255,125,0,0.6,helicopter_1
MODIFY,0014.56,2,-4,2,0,255,0,255,0,125,0.6,helicopter_2
MODIFY,0014.60,3,4,2,0,175,255,0,125,125,0.6,helicopter_3
MODIFY,0014.64,1,0,2,0,0,125,255,130,0,0.6,helicopter_1
MODIFY,0014.68,2,-4,2,0,255,0,255,0,130,0.6,helicopter_2
MODIFY,0014.72,3,4,2,0,175,255,0,130,130,0.6,helicopter_3
MODIFY,0014.76,1,0,2,0,0,125,255,135,0,0.6,helicopter_1
MODIFY,0014.80,2,-4,2,0,255,0,255,0,135,0.6,helicopter_2
MODIFY,0014.84,3,4,2,0,175,255,0,135,135,0.6,helicopter_3
MODIFY,0014.88,1,0,2,0,0,125,255,140,0,0.6,helicopter_1
MODIFY,0014.92,2,-4,2,0,255,0,255,0,140,0.6,helicopter_2
MODIFY,0014.96,3,4,2,0,175,255,0,140,140,0.6,helicopter_3
MODIFY,0015.00,1,0,2,0,0,125,255,145,0,0.6,helicopter_1
MODIFY,0015.04,2,-4,2,0,255,0,255,0,145,0.6,helicopter_2
MODIFY,0015.08,3,4,2,0,175,255,0,145,145,0.6,helicopter_3
MODIFY,0015.12,1,0,2,0,0,125,255,150,0,0.6,helicopter_1
MODIFY,0015.16,2,-4,2,0,255,0,255,0,150,0.6,helicopter_2
MODIFY,0015.20,3,4,2,0,175,255,0,150,150,0.6,helicopter_3
MODIFY,0015.24,1,0,2,0,0,125,255,155,0,0.6,helicopter_1
MODIFY,0015.28,2,-4,2,0,255,0,255,0,155,0.6,helicopter_2
MODIFY,0015.32,3,4,2,0,175,255,0,155,155,0.6,helicopter_3
MODIFY,0015.36,1,0,2,0,0,125,255,160,0,0.6,helicopter_1
MODIFY,0015.40,2,-4,2,0,255,0,255,0,160,0.6,helicopter_2
MODIFY,0015.44,3,4,2,0,175,255,0,160,160,0.6,helicopter_3
MODIFY,0015.48,1,0,2,0,0,125,255,165,0,0.6,helicopter_1
MODIFY,0015.52,2,-4,2,0,255,0,255,0,165,0.6,helicopter_2
MODIFY,0015.56,3,4,2,0,175,255,0,165,165,0.6,helicopter_3
MODIFY,0015.60,1,0,2,0,0,125,255,170,0,0.6,helicopter_1
MODIFY,0015.64,2,-4,2,0,255,0,255,0,170,0.6,helicopter_2
MODIFY,0015.68,3,4,2,0,175,255,0,170,170,0.6,helicopter_3
MODIFY,0015.72,1,0,2,0,0,125,255,175,0,0.6,helicopter_1
MODIFY,0015.76,2,-4,2,0,255,0,255,0,175,0.6,helicopter_2
MODIFY,0015.80,3,4,2,0,175,255,0,175,175,0.6,helicopter_3
MODIFY,0015.84,1,0,2,0,0,125,255,-180,0,0.6,helicopter_1
MODIFY,0015.88,2,-4,2,0,255,0,255,0,-180,0.6,helicopter_2
MODIFY,0015.92,3,4,2,0,175,255,0,-180,-180,0.6,helicopter_3
MODIFY,0015.96,1,0,2,0,0,125,255,-175,0,0.6,helicopter_1
MODIFY,0016.00,2,-4,2,0,255,0,255,0,-175,0.6,helicopter_2
MODIFY,0016.04,3,4,2,0,175,255,0,-175,-175,0.6,helicopter_3
MODIFY,0016.08,1,0,2,0,0,125,255,-170,0,0.6,helicopter_1
MODIFY,0016.12,2,-4,2,0,255,0,255,0,-170,0.6,helicopter_2
MODIFY,0016.16,3,4,2,0,175,255,0,-170,-170,0.6,helicopter_3
MODIFY,0016.20,1,0,2,0,0,125,255,-165,0,0.6,helicopter_1
MODIFY,0016.24,2,-4,2,0,255,0,255,0,-165,0.6,helicopter_2
MODIFY,0016.28,3,4,2,0,175,255,0,-165,-165,0.6,helicopter_3
MODIFY,0016.32,1,0,2,0,0,125,255,-160,0,0.6,helicopter_1
MODIFY,0016.36,2,-4,2,0,255,0,255,0,-160,0.6,helicopter_2
MODIFY,0016.40,3,4,2,0,175,255,0,-160,-160,0.6,helicopter_3
MODIFY,0016.44,1,0,2,0,0,125,255,-155,0,0.6,helicopter_1
MODIFY,0016.48,2,-4,2,0,255,0,255,0,-155,0.6,helicopter_2
MODIFY,0016.52,3,4,2,0,175,255,0,-155,-155,0.6,helicopter_3
MODIFY,0016.56,1,0,2,0,0,125,255,-150,0,0.6,helicopter_1
MODIFY,0016.60,2,-4,2,0,255,0,255,0,-150,0.6,helicopter_2
MODIFY,0016.64,3,4,2,0,175,255,0,-150,-150,0.6,helicopter_3
MODIFY,0016.68,1,0,2,0,0,125,255,-145,0,0.6,helicopter_1
MODIFY,0016.72,2,-4,2,0,255,0,255,0,-145,0.6,helicopter_2
MODIFY,0016.76,3,4,2,0,175,255,0,-145,-145,0.6,helicopter_3
MODIFY,0016.80,1,0,2,0,0,125,255,-140,0,0.6,helicopter_1
MODIFY,0016.84,2,-4,2,0,255,0,255,0,-140,0.6,helicopter_2
MODIFY,0016.88,3,4,2,0,175,255,0,-140,-140,0.6,helicopter_3
MODIFY,0016.92,1,0,2,0,0,125,255,-135,0,0.6,helicopter_1
MODIFY,0016.96,2,-4,2,0,255,0,255,0,-135,0.6,helicopter_2
MODIFY,0017.00,3,4,2,0,175,255,0,-135,-135,0.6,helicopter_3
MODIFY,0017.04,1,0,2,0,0,125,255,-130,0,0.6,helicopter_1
MODIFY,0017.08,2,-4,2,0,255,0,255,0,-130,0.6,helicopter_2
MODIFY,0017.12,3,4,2,0,175,255,0,-130,-130,0.6,helicopter_3
MODIFY,0017.16,1,0,2,0,0,125,255,-125,0,0.6,helicopter_1
MODIFY,0017.20,2,-4,2,0,255,0,255,0,-125,0.6,helicopter_2
MODIFY,0017.24,3,4,2,0,175,255,0,-125,-125,0.6,helicopter_3
MODIFY,0017.28,1,0,2,0,0,125,255,-120,0,0.6,helicopter_1
MODIFY,0017.32,2,-4,2,0,255,0,255,0,-120,0.6,helicopter_2
MODIFY,0017.36,3,4,2,0,175,255,0,-120,-120,0.6,helicopter_3
MODIFY,0017.40,1,0,2,0,0,125,255,-115,0,0.6,helicopter_1
MODIFY,0017.44,2,-4,2,0,255,0,255,0,-115,0.6,helicopter_2
MODIFY,0017.48,3,4,2,0,175,255,0,-115,-115,0.6,helicopter_3
MODIFY,0017.52,1,0,2,0,0,125,255,-110,0,0.6,helicopter_1
MODIFY,0017.56,2,-4,2,0,255,0,255,0,-110,0.6,helicopter_2
MODIFY,0017.60,3,4,2,0,175,255,0,-110,-110,0.6,helicopter_3
MODIFY,0017.64,1,0,2,0,0,125,255,-105,0,0.6,helicopter_1
MODIFY,0017.68,2,-4,2,0,255,0,255,0,-105,0.6,helicopter_2
MODIFY,0017.72,3,4,2,0,175,255,0,-105,-105,0.6,helicopter_3
MODIFY,0017.76,1,0,2,0,0,125,255,-100,0,0.6,helicopter_1
MODIFY,0017.80,2,-4,2,0,255,0,255,0,-100,0.6,helicopter_2
MODIFY,0017.84,3,4,2,0,175,255,0,-100,-100,0.6,helicopter_3
MODIFY,0017.88,1,0,2,0,0,125,255,-95,0,0.6,helicopter_1
MODIFY,0017.92,2,-4,2,0,255,0,255,0,-95,0.6,helicopter_2
MODIFY,0017.96,3,4,2,0,175,255,0,-95,-95,0.6,helicopter_3
MODIFY,0018.00,1,0,2,0,0,125,255,-90,0,0.6,helicopter_1
MODIFY,0018.04,2,-4,2,0,255,0,255,0,-90,0.6,helicopter_2
MODIFY,0018.08,3,4,2,0,175,255,0,-90,-90,0.6,helicopter_3
MODIFY,0018.12,1,0,2,0,0,125,255,-85,0,0.6,helicopter_1
MODIFY,0018.16,2,-4,2,0,255,0,255,0,-85,0.6,helicopter_2
MODIFY,0018.20,3,4,2,0,175,255,0,-85,-85,0.6,helicopter_3
MODIFY,0018.24,1,0,2,0,0,125,255,-80,0,0.6,helicopter_1
MODIFY,0018.28,2,-4,2,0,255,0,255,0,-80,0.6,helicopter_2
MODIFY,0018.32,3,4,2,0,175,255,0,-80,-80,0.6,helicopter_3
MODIFY,0018.36,1,0,2,0,0,125,255,-75,0,0.6,helicopter_1
MODIFY,0018.40,2,-4,2,0,255,0,255,0,-75,0.6,helicopter_2
MODIFY,0018.44,3,4,2,0,175,255,0,-75,-75,0.6,helicopter_3
MODIFY,0018.48,1,0,2,0,0,125,255,-70,0,0.6,helicopter_1
MODIFY,0018.52,2,-4,2,0,255,0,255,0,-70,0.6,helicopter_2
MODIFY,0018.56,3,4,2,0,175,255,0,-70,-70,0.6,helicopter_3
MODIFY,0018.60,1,0,2,0,0,125,255,-65,0,0.6,helicopter_1
MODIFY,0018.64,2,-4,2,0,255,0,255,0,-65,0.6,helicopter_2
MODIFY,0018.68,3,4,2,0,175,255,0,-65,-65,0.6,helicopter_3
MODIFY,0018.72,1,0,2,0,0,125,255,-60,0,0.6,helicopter_1
MODIFY,0018.76,2,-4,2,0,255,0,255,0,-60,0.6,helicopter_2
MODIFY,0018.80,3,4,2,0,175,255,0,-60,-60,0.6,helicopter_3
MODIFY,0018.84,1,0,2,0,0,125,255,-55,0,0.6,helicopter_1
MODIFY,0018.88,2,-4,2,0,255,0,255,0,-55,0.6,helicopter_2
MODIFY,0018.92,3,4,2,0,175,255,0,-55,-55,0.6,helicopter_3
MODIFY,0018.96,1,0,2,0,0,125,255,-50,0,0.6,helicopter_1
MODIFY,0019.00,2,-4,2,0,255,0,255,0,-50,0.6,helicopter_2
MODIFY,0019.04,3,4,2,0,175,255,0,-50,-50,0.6,helicopter_3
MODIFY,0019.08,1,0,2,0,0,125,255,-45,0,0.6,helicopter_1
MODIFY,0019.12,2,-4,2,0,255,0,255,0,-45,0.6,helicopter_2
MODIFY,0019.16,3,4,2,0,175,255,0,-45,-45,0.6,helicopter_3
MODIFY,0019.20,1,0,2,0,0,125,255,-40,0,0.6,helicopter_1
MODIFY,0019.24,2,-4,2,0,255,0,255,0,-40,0.6,helicopter_2
MODIFY,0019.28,3,4,2,0,175,255,0,-40,-40,0.6,helicopter_3
MODIFY,0019.32,1,0,2,0,0,125,255,-35,0,0.6,helicopter_1
MODIFY,0019.36,2,-4,2,0,255,0,255,0,-35,0.6,helicopter_2
MODIFY,0019.40,3,4,2,0,175,255,0,-35,-35,0.6,helicopter_3
MODIFY,0019.44,1,0,2,0,0,125,255,-30,0,0.6,helicopter_1
MODIFY,0019.48,2,-4,2,0,255,0,255,0,-30,0.6,helicopter_2
MODIFY,0019.52,3,4,2,0,175,255,0,-30,-30,0.6,helicopter_3
MODIFY,0019.56,1,0,2,0,0,125,255,-25,0,0.6,helicopter_1
MODIFY,0019.60,2,-4,2,0,255,0,255,0,-25,0.6,helicopter_2
MODIFY,0019.64,3,4,2,0,175,255,0,-25,-25,0.6,helicopter_3
MODIFY,0019.68,1,0,2,0,0,125,255,-20,0,0.6,helicopter_1
MODIFY,0019.72,2,-4,2,0,255,0,255,0,-20,0.6,helicopter_2
MODIFY,0019.76,3,4,2,0,175,255,0,-20,-20,0.6,helicopter_3
MODIFY,0019.80,1,0,2,0,0,125,255,-15,0,0.6,helicopter_1
MODIFY,0019.84,2,-4,2,0,255,0,255,0,-15,0.6,helicopter_2
MODIFY,0019.88,3,4,2,0,175,255,0,-15,-15,0.6,helicopter_3
MODIFY,0019.92,1,0,2,0,0,125,255,-10,0,0.6,helicopter_1
MODIFY,0019.96,2,-4,2,0,255,0,255,0,-10,0.6,helicopter_2
MODIFY,0020.00,3,4,2,0,175,255,0,-10,-10,0.6,helicopter_3
MODIFY,0020.04,1,0,2,0,0,125,255,-5,0,0.6,helicopter_1
MODIFY,0020.08,2,-4,2,0,255,0,255,0,-5,0.6,helicopter_2
MODIFY,0020.12,3,4,2,0,175,255,0,-5,-5,0.6,helicopter_3
MODIFY,0020.16,1,0,2,0,0,125,255,0,0,0.6,helicopter_1
MODIFY,0020.20,2,-4,2,0,255,0,255,0,0,0.6,helicopter_2
MODIFY,0020.24,3,4,2,0,175,255,0,0,0,0.6,helicopter_3
MODIFY,0020.28,1,0,2,0,0,125,255,5,0,0.6,helicopter_1
MODIFY,0020.32,2,-4,2,0,255,0,255,0,5,0.6,helicopter_2
MODIFY,0020.36,3,4,2,0,175,255,0,5,5,0.6,helicopter_3
MODIFY,0020.40,1,0,2,0,0,125,255,10,0,0.6,helicopter_1
MODIFY,0020.44,2,-4,2,0,255,0,255,0,10,0.6,helicopter_2
MODIFY,0020.48,3,4,2,0,175,255,0,10,10,0.6,helicopter_3
MODIFY,0020.52,1,0,2,0,0,125,255,15,0,0.6,helicopter_1
MODIFY,0020.56,2,-4,2,0,255,0,255,0,15,0.6,helicopter_2
MODIFY,0020.60,3,4,2,0,175,255,0,15,15,0.6,helicopter_3
MODIFY,0020.64,1,0,2,0,0,125,255,20,0,0.6,helicopter_1
MODIFY,0020.68,2,-4,2,0,255,0,255,0,20,0.6,helicopter_2
MODIFY,0020.72,3,4,2,0,175,255,0,20,20,0.6,helicopter_3
MODIFY,0020.76,1,0,2,0,0,125,255,25,0,0.6,helicopter_1
MODIFY,0020.80,2,-4,2,0,255,0,255,0,25,0.6,helicopter_2
MODIFY,0020.84,3,4,2,0,175,255,0,25,25,0.6,helicopter_3
MODIFY,0020.88,1,0,2,0,0,125,255,30,0,0.6,helicopter_1
MODIFY,0020.92,2,-4,2,0,255,0,255,0,30,0.6,helicopter_2
MODIFY,0020.96,3,4,2,0,175,255,0,30,30,0.6,helicopter_3
MODIFY,0021.00,1,0,2,0,0,125,255,35,0,0.6,helicopter_1
MODIFY,0021.04,2,-4,2,0,255,0,255,0,35,0.6,helicopter_2
MODIFY,0021.08,3,4,2,0,175,255,0,35,35,0.6,helicopter_3
MODIFY,0021.12,1,0,2,0,0,125,255,40,0,0.6,helicopter_1
MODIFY,0021.16,2,-4,2,0,255,0,255,0,40,0.6,helicopter_2
MODIFY,0021.20,3,4,2,0,175,255,0,40,40,0.6,helicopter_3
MODIFY,0021.24,1,0,2,0,0,125,255,45,0,0.6,helicopter_1
MODIFY,0021.28,2,-4,2,0,255,0,255,0,45,0.6,helicopter_2
MODIFY,0021.32,3,4,2,0,175,255,0,45,45,0.6,helicopter_3
MODIFY,0021.36,1,0,2,0,0,125,255,50,0,0.6,helicopter_1
MODIFY,0021.40,2,-4,2,0,255,0,255,0,50,0.6,helicopter_2
MODIFY,0021.44,3,4,2,0,175,255,0,50,50,0.6,helicopter_3
MODIFY,0021.48,1,0,2,0,0,125,255,55,0,0.6,helicopter_1
MODIFY,0021.52,2,-4,2,0,255,0,255,0,55,0.6,helicopter_2
MODIFY,0021.56,3,4,2,0,175,255,0,55,55,0.6,helicopter_3
MODIFY,0021.60,1,0,2,0,0,125,255,60,0,0.6,helicopter_1
MODIFY,0021.64,2,-4,2,0,255,0,255,0,60,0.6,helicopter_2
MODIFY,0021.68,3,4,2,0,175,255,0,60,60,0.6,helicopter_3
MODIFY,0021.72,1,0,2,0,0,125,255,65,0,0.6,helicopter_1
MODIFY,0021.76,2,-4,2,0,255,0,255,0,65,0.6,helicopter_2
MODIFY,0021.80,3,4,2,0,175,255,0,65,65,0.6,helicopter_3
MODIFY,0021.84,1,0,2,0,0,125,255,70,0,0.6,helicopter_1
MODIFY,0021.88,2,-4,2,0,255,0,255,0,70,0.6,helicopter_2
MODIFY,0021.92,3,4,2,0,175,255,0,70,70,0.6,helicopter_3
MODIFY,0021.96,1,0,2,0,0,125,255,75,0,0.6,helicopter_1
MODIFY,0022.00,2,-4,2,0,255,0,255,0,75,0.6,helicopter_2
MODIFY,0022.04,3,4,2,0,175,255,0,75,75,0.6,helicopter_3
MODIFY,0022.08,1,0,2,0,0,125,255,80,0,0.6,helicopter_1
MODIFY,0022.12,2,-4,2,0,255,0,255,0,80,0.6,helicopter_2
MODIFY,0022.16,3,4,2,0,175,255,0,80,80,0.6,helicopter_3
MODIFY,0022.20,1,0,2,0,0,125,255,85,0,0.6,helicopter_1
MODIFY,0022.24,2,-4,2,0,255,0,255,0,85,0.6,helicopter_2
MODIFY,0022.28,3,4,2,0,175,255,0,85,85,0.6,helicopter_3
MODIFY,0022.32,1,0,2,0,0,125,255,90,0,0.6,helicopter_1
MODIFY,0022.36,2,-4,2,0,255,0,255,0,90,0.6,helicopter_2
MODIFY,0022.40,3,4,2,0,175,255,0,90,90,0.6,helicopter_3
MODIFY,0022.44,1,0,2,0,0,125,255,95,0,0.6,helicopter_1
MODIFY,0022.48,2,-4,2,0,255,0,255,0,95,0.6,helicopter_2
MODIFY,0022.52,3,4,2,0,175,255,0,95,95,0.6,helicopter_3
MODIFY,0022.56,1,0,2,0,0,125,255,100,0,0.6,helicopter_1
MODIFY,0022.60,2,-4,2,0,255,0,255,0,100,0.6,helicopter_2
MODIFY,0022.64,3,4,2,0,175,255,0,100,100,0.6,helicopter_3
MODIFY,0022.68,1,0,2,0,0,125,255,105,0,0.6,helicopter_1
MODIFY,0022.72,2,-4,2,0,255,0,255,0,105,0.6,helicopter_2
MODIFY,0022.76,3,4,2,0,175,255,0,105,105,0.6,helicopter_3
MODIFY,0022.80,1,0,2,0,0,125,255,110,0,0.6,helicopter_1
MODIFY,0022.84,2,-4,2,0,255,0,255,0,110,0.6,helicopter_2
MODIFY,0022.88,3,4,2,0,175,255,0,110,110,0.6,helicopter_3
MODIFY,0022.92,1,0,2,0,0,125,255,115,0,0.6,helicopter_1
MODIFY,0022.96,2,-4,2,0,255,0,255,0,115,0.6,helicopter_2
MODIFY,0023.00,3,4,2,0,175,255,0,115,115,0.6,helicopter_3
MODIFY,0023.04,1,0,2,0,0,125,255,120,0,0.6,helicopter_1
MODIFY,0023.08,2,-4,2,0,255,0,255,0,120,0.6,helicopter_2
MODIFY,0023.12,3,4,2,0,175,255,0,120,120,0.6,helicopter_3
MODIFY,0023.16,1,0,2,0,0,125,255,125,0,0.6,helicopter_1
MODIFY,0023.20,2,-4,2,0,255,0,255,0,125,0.6,helicopter_2
MODIFY,0023.24,3,4,2,0,175,255,0,125,125,0.6,helicopter_3
MODIFY,0023.28,1,0,2,0,0,125,255,130,0,0.6,helicopter_1
MODIFY,0023.32,2,-4,2,0,255,0,255,0,130,0.6,helicopter_2
MODIFY,0023.36,3,4,2,0,175,255,0,130,130,0.6,helicopter_3
MODIFY,0023.40,1,0,2,0,0,125,255,135,0,0.6,helicopter_1
MODIFY,0023.44,2,-4,2,0,255,0,255,0,135,0.6,helicopter_2
MODIFY,0023.48,3,4,2,0,175,255,0,135,135,0.6,helicopter_3
MODIFY,0023.52,1,0,2,0,0,125,255,140,0,0.6,helicopter_1
MODIFY,0023.56,2,-4,2,0,255,0,255,0,140,0.6,helicopter_2
MODIFY,0023.60,3,4,2,0,175,255,0,140,140,0.6,helicopter_3
MODIFY,0023.64,1,0,2,0,0,125,255,145,0,0.6,helicopter_1
MODIFY,0023.68,2,-4,2,0,255,0,255,0,145,0.6,helicopter_2
MODIFY,0023.72,3,4,2,0,175,255,0,145,145,0.6,helicopter_3
MODIFY,0023.76,1,0,2,0,0,125,255,150,0,0.6,helicopter_1
MODIFY,0023.80,2,-4,2,0,255,0,255,0,150,0.6,helicopter_2
MODIFY,0023.84,3,4,2,0,175,255,0,150,150,0.6,helicopter_3
MODIFY,0023.88,1,0,2,0,0,125,255,155,0,0.6,helicopter_1
MODIFY,0023.92,2,-4,2,0,255,0,255,0,155,0.6,helicopter_2
MODIFY,0023.96,3,4,2,0,175,255,0,155,155,0.6,helicopter_3
MODIFY,0024.00,1,0,2,0,0,125,255,160,0,0.6,helicopter_1
MODIFY,0024.04,2,-4,2,0,255,0,255,0,160,0.6,helicopter_2
MODIFY,0024.08,3,4,2,0,175,255,0,160,160,0.6,helicopter_3
MODIFY,0024.12,1,0,2,0,0,125,255,165,0,0.6,helicopter_1
MODIFY,0024.16,2,-4,2,0,255,0,255,0,165,0.6,helicopter_2
MODIFY,0024.20,3,4,2,0,175,255,0,165,165,0.6,helicopter_3
MODIFY,0024.24,1,0,2,0,0,125,255,170,0,0.6,helicopter_1
MODIFY,0024.28,2,-4,2,0,255,0,255,0,170,0.6,helicopter_2
MODIFY,0024.32,3,4,2,0,175,255,0,170,170,0.6,helicopter_3
MODIFY,0024.36,1,0,2,0,0,125,255,175,0,0.6,helicopter_1
MODIFY,0024.40,2,-4,2,0,255,0,255,0,175,0.6,helicopter_2
MODIFY,0024.44,3,4,2,0,175,255,0,175,175,0.6,helicopter_3
MODIFY,0024.48,1,0,2,0,0,125,255,-180,0,0.6,helicopter_1
MODIFY,0024.52,2,-4,2,0,255,0,255,0,-180,0.6,helicopter_2
MODIFY,0024.56,3,4,2,0,175,255,0,-180,-180,0.6,helicopter_3
MODIFY,0024.60,1,0,2,0,0,125,255,-175,0,0.6,helicopter_1
MODIFY,0024.64,2,-4,2,0,255,0,255,0,-175,0.6,helicopter_2
MODIFY,0024.68,3,4,2,0,175,255,0,-175,-175,0.6,helicopter_3
MODIFY,0024.72,1,0,2,0,0,125,255,-170,0,0.6,helicopter_1
MODIFY,0024.76,2,-4,2,0,255,0,255,0,-170,0.6,helicopter_2
MODIFY,0024.80,3,4,2,0,175,255,0,-170,-170,0.6,helicopter_3
MODIFY,0024.84,1,0,2,0,0,125,255,-165,0,0.6,helicopter_1
MODIFY,0024.88,2,-4,2,0,255,0,255,0,-165,0.6,helicopter_2
MODIFY,0024.92,3,4,2,0,175,255,0,-165,-165,0.6,helicopter_3
MODIFY,0024.96,1,0,2,0,0,125,255,-160,0,0.6,helicopter_1
MODIFY,0025.00,2,-4,2,0,255,0,255,0,-160,0.6,helicopter_2
MODIFY,0025.04,3,4,2,0,175,255,0,-160,-160,0.6,helicopter_3
MODIFY,0025.08,1,0,2,0,0,125,255,-155,0,0.6,helicopter_1
MODIFY,0025.12,2,-4,2,0,255,0,255,0,-155,0.6,helicopter_2
MODIFY,0025.16,3,4,2,0,175,255,0,-155,-155,0.6,helicopter_3
MODIFY,0025.20,1,0,2,0,0,125,255,-150,0,0.6,helicopter_1
MODIFY,0025.24,2,-4,2,0,255,0,255,0,-150,0.6,helicopter_2
MODIFY,0025.28,3,4,2,0,175,255,0,-150,-150,0.6,helicopter_3
MODIFY,0025.32,1,0,2,0,0,125,255,-145,0,0.6,helicopter_1
MODIFY,0025.36,2,-4,2,0,255,0,255,0,-145,0.6,helicopter_2
MODIFY,0025.40,3,4,2,0,175,255,0,-145,-145,0.6,helicopter_3
MODIFY,0025.44,1,0,2,0,0,125,255,-140,0,0.6,helicopter_1
MODIFY,0025.48,2,-4,2,0,255,0,255,0,-140,0.6,helicopter_2
MODIFY,0025.52,3,4,2,0,175,255,0,-140,-140,0.6,helicopter_3
MODIFY,0025.56,1,0,2,0,0,125,255,-135,0,0.6,helicopter_1
MODIFY,0025.60,2,-4,2,0,255,0,255,0,-135,0.6,helicopter_2
MODIFY,0025.64,3,4,2,0,175,255,0,-135,-135,0.6,helicopter_3
MODIFY,0025.68,1,0,2,0,0,125,255,-130,0,0.6,helicopter_1
MODIFY,0025.72,2,-4,2,0,255,0,255,0,-130,0.6,helicopter_2
MODIFY,0025.76,3,4,2,0,175,255,0,-130,-130,0.6,helicopter_3
MODIFY,0025.80,1,0,2,0,0,125,255,-125,0,0.6,helicopter_1
MODIFY,0025.84,2,-4,2,0,255,0,255,0,-125,0.6,helicopter_2
MODIFY,0025.88,3,4,2,0,175,255,0,-125,-125,0.6,helicopter_3
MODIFY,0025.92,1,0,2,0,0,125,255,-120,0,0.6,helicopter_1
MODIFY,0025.96,2,-4,2,0,255,0,255,0,-120,0.6,helicopter_2
MODIFY,0026.00,3,4,2,0,175,255,0,-120,-120,0.6,helicopter_3
MODIFY,0026.04,1,0,2,0,0,125,255,-115,0,0.6,helicopter_1
MODIFY,0026.08,2,-4,2,0,255,0,255,0,-115,0.6,helicopter_2
MODIFY,0026.12,3,4,2,0,175,255,0,-115,-115,0.6,helicopter_3
MODIFY,0026.16,1,0,2,0,0,125,255,-110,0,0.6,helicopter_1
MODIFY,0026.20,2,-4,2,0,255,0,255,0,-110,0.6,helicopter_2
MODIFY,0026.24,3,4,2,0,175,255,0,-110,-110,0.6,helicopter_3
MODIFY,0026.28,1,0,2,0,0,125,255,-105,0,0.6,helicopter_1
MODIFY,0026.32,2,-4,2,0,255,0,255,0,-105,0.6,helicopter_2
MODIFY,0026.36,3,4,2,0,175,255,0,-105,-105,0.6,helicopter_3
MODIFY,0026.40,1,0,2,0,0,125,255,-100,0,0.6,helicopter_1
MODIFY,0026.44,2,-4,2,0,255,0,255,0,-100,0.6,helicopter_2
MODIFY,0026.48,3,4,2,0,175,255,0,-100,-100,0.6,helicopter_3
MODIFY,0026.52,1,0,2,0,0,125,255,-95,0,0.6,helicopter_1
MODIFY,0026.56,2,-4,2,0,255,0,255,0,-95,0.6,helicopter_2
MODIFY,0026.60,3,4,2,0,175,255,0,-95,-95,0.6,helicopter_3
MODIFY,0026.64,1,0,2,0,0,125,255,-90,0,0.6,helicopter_1
MODIFY,0026.68,2,-4,2,0,255,0,255,0,-90,0.6,helicopter_2
MODIFY,0026.72,3,4,2,0,175,255,0,-90,-90,0.6,helicopter_3
MODIFY,0026.76,1,0,2,0,0,125,255,-85,0,0.6,helicopter_1
MODIFY,0026.80,2,-4,2,0,255,0,255,0,-85,0.6,helicopter_2
MODIFY,0026.84,3,4,2,0,175,255,0,-85,-85,0.6,helicopter_3
MODIFY,0026.88,1,0,2,0,0,125,255,-80,0,0.6,helicopter_1
MODIFY,0026.92,2,-4,2,0,255,0,255,0,-80,0.6,helicopter_2
MODIFY,0026.96,3,4,2,0,175,255,0,-80,-80,0.6,helicopter_3
MODIFY,0027.00,1,0,2,0,0,125,255,-75,0,0.6,helicopter_1
MODIFY,0027.04,2,-4,2,0,255,0,255,0,-75,0.6,helicopter_2
MODIFY,0027.08,3,4,2,0,175,255,0,-75,-75,0.6,helicopter_3
MODIFY,0027.12,1,0,2,0,0,125,255,-70,0,0.6,helicopter_1
MODIFY,0027.16,2,-4,2,0,255,0,255,0,-70,0.6,helicopter_2
MODIFY,0027.20,3,4,2,0,175,255,0,-70,-70,0.6,helicopter_3
MODIFY,0027.24,1,0,2,0,0,125,255,-65,0,0.6,helicopter_1
MODIFY,0027.28,2,-4,2,0,255,0,255,0,-65,0.6,helicopter_2
MODIFY,0027.32,3,4,2,0,175,255,0,-65,-65,0.6,helicopter_3
MODIFY,0027.36,1,0,2,0,0,125,255,-60,0,0.6,helicopter_1
MODIFY,0027.40,2,-4,2,0,255,0,255,0,-60,0.6,helicopter_2
MODIFY,0027.44,3,4,2,0,175,255,0,-60,-60,0.6,helicopter_3
MODIFY,0027.48,1,0,2,0,0,125,255,-55,0,0.6,helicopter_1
MODIFY,0027.52,2,-4,2,0,255,0,255,0,-55,0.6,helicopter_2
MODIFY,0027.56,3,4,2,0,175,255,0,-55,-55,0.6,helicopter_3
MODIFY,0027.60,1,0,2,0,0,125,255,-50,0,0.6,helicopter_1
MODIFY,0027.64,2,-4,2,0,255,0,255,0,-50,0.6,helicopter_2
MODIFY,0027.68,3,4,2,0,175,255,0,-50,-50,0.6,helicopter_3
MODIFY,0027.72,1,0,2,0,0,125,255,-45,0,0.6,helicopter_1
MODIFY,0027.76,2,-4,2,0,255,0,255,0,-45,0.6,helicopter_2
MODIFY,0027.80,3,4,2,0,175,255,0,-45,-45,0.6,helicopter_3
MODIFY,0027.84,1,0,2,0,0,125,255,-40,0,0.6,helicopter_1
MODIFY,0027.88,2,-4,2,0,255,0,255,0,-40,0.6,helicopter_2
MODIFY,0027.92,3,4,2,0,175,255,0,-40,-40,0.6,helicopter_3
MODIFY,0027.96,1,0,2,0,0,125,255,-35,0,0.6,helicopter_1
MODIFY,0028.00,2,-4,2,0,255,0,255,0,-35,0.6,helicopter_2
MODIFY,0028.04,3,4,2,0,175,255,0,-35,-35,0.6,helicopter_3
MODIFY,0028.08,1,0,2,0,0,125,255,-30,0,0.6,helicopter_1
MODIFY,0028.12,2,-4,2,0,255,0,255,0,-30,0.6,helicopter_2
MODIFY,0028.16,3,4,2,0,175,255,0,-30,-30,0.6,helicopter_3
MODIFY,0028.20,1,0,2,0,0,125,255,-25,0,0.6,helicopter_1
MODIFY,0028.24,2,-4,2,0,255,0,255,0,-25,0.6,helicopter_2
MODIFY,0028.28,3,4,2,0,175,255,0,-25,-25,0.6,helicopter_3
MODIFY,0028.32,1,0,2,0,0,125,255,-20,0,0.6,helicopter_1
MODIFY,0028.36,2,-4,2,0,255,0,255,0,-20,0.6,helicopter_2
MODIFY,0028.40,3,4,2,0,175,255,0,-20,-20,0.6,helicopter_3
MODIFY,0028.44,1,0,2,0,0,125,255,-15,0,0.6,helicopter_1
MODIFY,0028.48,2,-4,2,0,255,0,255,0,-15,0.6,helicopter_2
MODIFY,0028.52,3,4,2,0,175,255,0,-15,-15,0.6,helicopter_3
MODIFY,0028.56,1,0,2,0,0,125,255,-10,0,0.6,helicopter_1
MODIFY,0028.60,2,-4,2,0,255,0,255,0,-10,0.6,helicopter_2
MODIFY,0028.64,3,4,2,0,175,255,0,-10,-10,0.6,helicopter_3
MODIFY,0028.68,1,0,2,0,0,125,255,-5,0,0.6,helicopter_1
MODIFY,0028.72,2,-4,2,0,255,0,255,0,-5,0.6,helicopter_2
MODIFY,0028.76,3,4,2,0,175,255,0,-5,-5,0.6,helicopter_3
MODIFY,0028.80,1,0,2,0,0,125,255,0,0,0.6,helicopter_1
MODIFY,0028.84,2,-4,2,0,255,0,255,0,0,0.6,helicopter_2
MODIFY,0028.88,3,4,2,0,175,255,0,0,0,0.6,helicopter_3
MODIFY,0028.92,1,0,2,0,0,125,255,5,0,0.6,helicopter_1
MODIFY,0028.96,2,-4,2,0,255,0,255,0,5,0.6,helicopter_2
MODIFY,0029.00,3,4,2,0,175,255,0,5,5,0.6,helicopter_3
MODIFY,0029.04,1,0,2,0,0,125,255,10,0,0.6,helicopter_1
MODIFY,0029.08,2,-4,2,0,255,0,255,0,10,0.6,helicopter_2
MODIFY,0029.12,3,4,2,0,175,255,0,10,10,0.6,helicopter_3
MODIFY,0029.16,1,0,2,0,0,125,255,15,0,0.6,helicopter_1
MODIFY,0029.20,2,-4,2,0,255,0,255,0,15,0.6,helicopter_2
MODIFY,0029.24,3,4,2,0,175,255,0,15,15,0.6,helicopter_3
MODIFY,0029.28,1,0,2,0,0,125,255,20,0,0.6,helicopter_1
MODIFY,0029.32,2,-4,2,0,255,0,255,0,20,0.6,helicopter_2
MODIFY,0029.36,3,4,2,0,175,255,0,20,20,0.6,helicopter_3
MODIFY,0029.40,1,0,2,0,0,125,255,25,0,0.6,helicopter_1
MODIFY,0029.44,2,-4,2,0,255,0,255,0,25,0.6,helicopter_2
MODIFY,0029.48,3,4,2,0,175,255,0,25,25,0.6,helicopter_3
MODIFY,0029.52,1,0,2,0,0,125,255,30,0,0.6,helicopter_1
MODIFY,0029.56,2,-4,2,0,255,0,255,0,30,0.6,helicopter_2
MODIFY,0029.60,3,4,2,0,175,255,0,30,30,0.6,helicopter_3
MODIFY,0029.64,1,0,2,0,0,125,255,35,0,0.6,helicopter_1
MODIFY,0029.68,2,-4,2,0,255,0,255,0,35,0.6,helicopter_2
MODIFY,0029.72,3,4,2,0,175,255,0,35,35,0.6,helicopter_3
MODIFY,0029.76,1,0,2,0,0,125,255,40,0,0.6,helicopter_1
MODIFY,0029.80,2,-4,2,0,255,0,255,0,40,0.6,helicopter_2
MODIFY,0029.84,3,4,2,0,175,255,0,40,40,0.6,helicopter_3
MODIFY,0029.88,1,0,2,0,0,125,255,45,0,0.6,helicopter_1
MODIFY,0029.92,2,-4,2,0,255,0,255,0,45,0.6,helicopter_2
MODIFY,0029.96,3,4,2,0,175,255,0,45,45,0.6,helicopter_3
MODIFY,0030.00,1,0,2,0,0,125,255,50,0,0.6,helicopter_1
MODIFY,0030.04,2,-4,2,0,255,0,255,0,50,0.6,helicopter_2
MODIFY,0030.08,3,4,2,0,175,255,0,50,50,0.6,helicopter_3
MODIFY,0030.12,1,0,2,0,0,125,255,55,0,0.6,helicopter_1
MODIFY,0030.16,2,-4,2,0,255,0,255,0,55,0.6,helicopter_2
MODIFY,0030.20,3,4,2,0,175,255,0,55,55,0.6,helicopter_3
MODIFY,0030.24,1,0,2,0,0,125,255,60,0,0.6,helicopter_1
MODIFY,0030.28,2,-4,2,0,255,0,255,0,60,0.6,helicopter_2
MODIFY,0030.32,3,4,2,0,175,255,0,60,60,0.6,helicopter_3
MODIFY,0030.36,1,0,2,0,0,125,255,65,0,0.6,helicopter_1
MODIFY,0030.40,2,-4,2,0,255,0,255,0,65,0.6,helicopter_2
MODIFY,0030.44,3,4,2,0,175,255,0,65,65,0.6,helicopter_3
MODIFY,0030.48,1,0,2,0,0,125,255,70,0,0.6,helicopter_1
MODIFY,0030.52,2,-4,2,0,255,0,255,0,70,0.6,helicopter_2
MODIFY,0030.56,3,4,2,0,175,255,0,70,70,0.6,helicopter_3
MODIFY,0030.60,1,0,2,0,0,125,255,75,0,0.6,helicopter_1
MODIFY,0030.64,2,-4,2,0,255,0,255,0,75,0.6,helicopter_2
MODIFY,0030.68,3,4,2,0,175,255,0,75,75,0.6,helicopter_3
MODIFY,0030.72,1,0,2,0,0,125,255,80,0,0.6,helicopter_1
MODIFY,0030.76,2,-4,2,0,255,0,255,0,80,0.6,helicopter_2
MODIFY,0030.80,3,4,2,0,175,255,0,80,80,0.6,helicopter_3
MODIFY,0030.84,1,0,2,0,0,125,255,85,0,0.6,helicopter_1
MODIFY,0030.88,2,-4,2,0,255,0,255,0,85,0.6,helicopter_2
MODIFY,0030.92,3,4,2,0,175,255,0,85,85,0.6,helicopter_3
MODIFY,0030.96,1,0,2,0,0,125,255,90,0,0.6,helicopter_1
MODIFY,0031.00,2,-4,2,0,255,0,255,0,90,0.6,helicopter_2
MODIFY,0031.04,3,4,2,0,175,255,0,90,90,0.6,helicopter_3
MODIFY,0031.08,1,0,2,0,0,125,255,95,0,0.6,helicopter_1
MODIFY,0031.12,2,-4,2,0,255,0,255,0,95,0.6,helicopter_2
MODIFY,0031.16,3,4,2,0,175,255,0,95,95,0.6,helicopter_3
MODIFY,0031.20,1,0,2,0,0,125,255,100,0,0.6,helicopter_1
MODIFY,0031.24,2,-4,2,0,255,0,255,0,100,0.6,helicopter_2
MODIFY,0031.28,3,4,2,0,175,255,0,100,100,0.6,helicopter_3
MODIFY,0031.32,1,0,2,0,0,125,255,105,0,0.6,helicopter_1
MODIFY,0031.36,2,-4,2,0,255,0,255,0,105,0.6,helicopter_2
MODIFY,0031.40,3,4,2,0,175,255,0,105,105,0.6,helicopter_3
MODIFY,0031.44,1,0,2,0,0,125,255,110,0,0.6,helicopter_1
MODIFY,0031.48,2,-4,2,0,255,0,255,0,110,0.6,helicopter_2
MODIFY,0031.52,3,4,2,0,175,255,0,110,110,0.6,helicopter_3
MODIFY,0031.56,1,0,2,0,0,125,255,115,0,0.6,helicopter_1
MODIFY,0031.60,2,-4,2,0,255,0,255,0,115,0.6,helicopter_2
MODIFY,0031.64,3,4,2,0,175,255,0,115,115,0.6,helicopter_3
MODIFY,0031.68,1,0,2,0,0,125,255,120,0,0.6,helicopter_1
MODIFY,0031.72,2,-4,2,0,255,0,255,0,120,0.6,helicopter_2
MODIFY,0031.76,3,4,2,0,175,255,0,120,120,0.6,helicopter_3
MODIFY,0031.80,1,0,2,0,0,125,255,125,0,0.6,helicopter_1
MODIFY,0031.84,2,-4,2,0,255,0,255,0,125,0.6,helicopter_2
MODIFY,0031.88,3,4,2,0,175,255,0,125,125,0.6,helicopter_3
MODIFY,0031.92,1,0,2,0,0,125,255,130,0,0.6,helicopter_1
MODIFY,0031.96,2,-4,2,0,255,0,255,0,130,0.6,helicopter_2
MODIFY,0032.00,3,4,2,0,175,255,0,130,130,0.6,helicopter_3
MODIFY,0032.04,1,0,2,0,0,125,255,135,0,0.6,helicopter_1
MODIFY,0032.08,2,-4,2,0,255,0,255,0,135,0.6,helicopter_2
MODIFY,0032.12,3,4,2,0,175,255,0,135,135,0.6,helicopter_3
MODIFY,0032.16,1,0,2,0,0,125,255,140,0,0.6,helicopter_1
MODIFY,0032.20,2,-4,2,0,255,0,255,0,140,0.6,helicopter_2
MODIFY,0032.24,3,4,2,0,175,255,0,140,140,0.6,helicopter_3
MODIFY,0032.28,1,0,2,0,0,125,255,145,0,0.6,helicopter_1
MODIFY,0032.32,2,-4,2,0,255,0,255,0,145,0.6,helicopter_2
MODIFY,0032.36,3,4,2,0,175,255,0,145,145,0.6,helicopter_3
MODIFY,0032.40,1,0,2,0,0,125,255,150,0,0.6,helicopter_1
MODIFY,0032.44,2,-4,2,0,255,0,255,0,150,0.6,helicopter_2
MODIFY,0032.48,3,4,2,0,175,255,0,150,150,0.6,helicopter_3
MODIFY,0032.52,1,0,2,0,0,125,255,155,0,0.6,helicopter_1
MODIFY,0032.56,2,-4,2,0,255,0,255,0,155,0.6,helicopter_2
MODIFY,0032.60,3,4,2,0,175,255,0,155,155,0.6,helicopter_3
MODIFY,0032.64,1,0,2,0,0,125,255,160,0,0.6,helicopter_1
MODIFY,0032.68,2,-4,2,0,255,0,255,0,160,0.6,helicopter_2
MODIFY,0032.72,3,4,2,0,175,255,0,160,160,0.6,helicopter_3
MODIFY,0032.76,1,0,2,0,0,125,255,165,0,0.6,helicopter_1
MODIFY,0032.80,2,-4,2,0,255,0,255,0,165,0.6,helicopter_2
MODIFY,0032.84,3,4,2,0,175,255,0,165,165,0.6,helicopter_3
MODIFY,0032.88,1,0,2,0,0,125,255,170,0,0.6,helicopter_1
MODIFY,0032.92,2,-4,2,0,255,0,255,0,170,0.6,helicopter_2
MODIFY,0032.96,3,4,2,0,175,255,0,170,170,0.6,helicopter_3
MODIFY,0033.00,1,0,2,0,0,125,255,175,0,0.6,helicopter_1
MODIFY,0033.04,2,-4,2,0,255,0,255,0,175,0.6,helicopter_2
MODIFY,0033.08,3,4,2,0,175,255,0,175,175,0.6,helicopter_3
MODIFY,0033.12,1,0,2,0,0,125,255,-180,0,0.6,helicopter_1
MODIFY,0033.16,2,-4,2,0,255,0,255,0,-180,0.6,helicopter_2
MODIFY,0033.20,3,4,2,0,175,255,0,-180,-180,0.6,helicopter_3
MODIFY,0033.24,1,0,2,0,0,125,255,-175,0,0.6,helicopter_1
MODIFY,0033.28,2,-4,2,0,255,0,255,0,-175,0.6,helicopter_2
MODIFY,0033.32,3,4,2,0,175,255,0,-175,-175,0.6,helicopter_3
MODIFY,0033.36,1,0,2,0,0,125,255,-170,0,0.6,helicopter_1
MODIFY,0033.40,2,-4,2,0,255,0,255,0,-170,0.6,helicopter_2
MODIFY,0033.44,3,4,2,0,175,255,0,-170,-170,0.6,helicopter_3
MODIFY,0033.48,1,0,2,0,0,125,255,-165,0,0.6,helicopter_1
MODIFY,0033.52,2,-4,2,0,255,0,255,0,-165,0.6,helicopter_2
MODIFY,0033.56,3,4,2,0,175,255,0,-165,-165,0.6,helicopter_3
MODIFY,0033.60,1,0,2,0,0,125,255,-160,0,0.6,helicopter_1
MODIFY,0033.64,2,-4,2,0,255,0,255,0,-160,0.6,helicopter_2
MODIFY,0033.68,3,4,2,0,175,255,0,-160,-160,0.6,helicopter_3
MODIFY,0033.72,1,0,2,0,0,125,255,-155,0,0.6,helicopter_1
MODIFY,0033.76,2,-4,2,0,255,0,255,0,-155,0.6,helicopter_2
MODIFY,0033.80,3,4,2,0,175,255,0,-155,-155,0.6,helicopter_3
MODIFY,0033.84,1,0,2,0,0,125,255,-150,0,0.6,helicopter_1
MODIFY,0033.88,2,-4,2,0,255,0,255,0,-150,0.6,helicopter_2
MODIFY,0033.92,3,4,2,0,175,255,0,-150,-150,0.6,helicopter_3
MODIFY,0033.96,1,0,2,0,0,125,255,-145,0,0.6,helicopter_1
MODIFY,0034.00,2,-4,2,0,255,0,255,0,-145,0.6,helicopter_2
MODIFY,0034.04,3,4,2,0,175,255,0,-145,-145,0.6,helicopter_3
MODIFY,0034.08,1,0,2,0,0,125,255,-140,0,0.6,helicopter_1
MODIFY,0034.12,2,-4,2,0,255,0,255,0,-140,0.6,helicopter_2
MODIFY,0034.16,3,4,2,0,175,255,0,-140,-140,0.6,helicopter_3
MODIFY,0034.20,1,0,2,0,0,125,255,-135,0,0.6,helicopter_1
MODIFY,0034.24,2,-4,2,0,255,0,255,0,-135,0.6,helicopter_2
MODIFY,0034.28,3,4,2,0,175,255,0,-135,-135,0.6,helicopter_3
MODIFY,0034.32,1,0,2,0,0,125,255,-130,0,0.6,helicopter_1
MODIFY,0034.36,2,-4,2,0,255,0,255,0,-130,0.6,helicopter_2
MODIFY,0034.40,3,4,2,0,175,255,0,-130,-130,0.6,helicopter_3
MODIFY,0034.44,1,0,2,0,0,125,255,-125,0,0.6,helicopter_1
MODIFY,0034.48,2,-4,2,0,255,0,255,0,-125,0.6,helicopter_2
MODIFY,0034.52,3,4,2,0,175,255,0,-125,-125,0.6,helicopter_3
MODIFY,0034.56,1,0,2,0,0,125,255,-120,0,0.6,helicopter_1
MODIFY,0034.60,2,-4,2,0,255,0,255,0,-120,0.6,helicopter_2
MODIFY,0034.64,3,4,2,0,175,255,0,-120,-120,0.6,helicopter_3
MODIFY,0034.68,1,0,2,0,0,125,255,-115,0,0.6,helicopter_1
MODIFY,0034.72,2,-4,2,0,255,0,255,0,-115,0.6,helicopter_2
MODIFY,0034.76,3,4,2,0,175,255,0,-115,-115,0.6,helicopter_3
MODIFY,0034.80,1,0,2,0,0,125,255,-110,0,0.6,helicopter_1
MODIFY,0034.84,2,-4,2,0,255,0,255,0,-110,0.6,helicopter_2
MODIFY,0034.88,3,4,2,0,175,255,0,-110,-110,0.6,helicopter_3
MODIFY,0034.92,1,0,2,0,0,125,255,-105,0,0.6,helicopter_1
MODIFY,0034.96,2,-4,2,0,255,0,255,0,-105,0.6,helicopter_2
MODIFY,0035.00,3,4,2,0,175,255,0,-105,-105,0.6,helicopter_3
MODIFY,0035.04,1,0,2,0,0,125,255,-100,0,0.6,helicopter_1
MODIFY,0035.08,2,-4,2,0,255,0,255,0,-100,0.6,helicopter_2
MODIFY,0035.12,3,4,2,0,175,255,0,-100,-100,0.6,helicopter_3
MODIFY,0035.16,1,0,2,0,0,125,255,-95,0,0.6,helicopter_1
MODIFY,0035.20,2,-4,2,0,255,0,255,0,-95,0.6,helicopter_2
MODIFY,0035.24,3,4,2,0,175,255,0,-95,-95,0.6,helicopter_3
MODIFY,0035.28,1,0,2,0,0,125,255,-90,0,0.6,helicopter_1
MODIFY,0035.32,2,-4,2,0,255,0,255,0,-90,0.6,helicopter_2
MODIFY,0035.36,3,4,2,0,175,255,0,-90,-90,0.6,helicopter_3
MODIFY,0035.40,1,0,2,0,0,125,255,-85,0,0.6,helicopter_1
MODIFY,0035.44,2,-4,2,0,255,0,255,0,-85,0.6,helicopter_2
MODIFY,0035.48,3,4,2,0,175,255,0,-85,-85,0.6,helicopter_3
MODIFY,0035.52,1,0,2,0,0,125,255,-80,0,0.6,helicopter_1
MODIFY,0035.56,2,-4,2,0,255,0,255,0,-80,0.6,helicopter_2
MODIFY,0035.60,3,4,2,0,175,255,0,-80,-80,0.6,helicopter_3
MODIFY,0035.64,1,0,2,0,0,125,255,-75,0,0.6,helicopter_1
MODIFY,0035.68,2,-4,2,0,255,0,255,0,-75,0.6,helicopter_2
MODIFY,0035.72,3,4,2,0,175,255,0,-75,-75,0.6,helicopter_3
MODIFY,0035.76,1,0,2,0,0,125,255,-70,0,0.6,helicopter_1
MODIFY,0035.80,2,-4,2,0,255,0,255,0,-70,0.6,helicopter_2
MODIFY,0035.84,3,4,2,0,175,255,0,-70,-70,0.6,helicopter_3
MODIFY,0035.88,1,0,2,0,0,125,255,-65,0,0.6,helicopter_1
MODIFY,0035.92,2,-4,2,0,255,0,255,0,-65,0.6,helicopter_2
MODIFY,0035.96,3,4,2,0,175,255,0,-65,-65,0.6,helicopter_3
MODIFY,0036.00,1,0,2,0,0,125,255,-60,0,0.6,helicopter_1
MODIFY,0036.04,2,-4,2,0,255,0,255,0,-60,0.6,helicopter_2
MODIFY,0036.08,3,4,2,0,175,255,0,-60,-60,0.6,helicopter_3
MODIFY,0036.12,1,0,2,0,0,125,255,-55,0,0.6,helicopter_1
MODIFY,0036.16,2,-4,2,0,255,0,255,0,-55,0.6,helicopter_2
MODIFY,0036.20,3,4,2,0,175,255,0,-55,-55,0.6,helicopter_3
MODIFY,0036.24,1,0,2,0,0,125,255,-50,0,0.6,helicopter_1
MODIFY,0036.28,2,-4,2,0,255,0,255,0,-50,0.6,helicopter_2
MODIFY,0036.32,3,4,2,0,175,255,0,-50,-50,0.6,helicopter_3
MODIFY,0036.36,1,0,2,0,0,125,255,-45,0,0.6,helicopter_1
MODIFY,0036.40,2,-4,2,0,255,0,255,0,-45,0.6,helicopter_2
MODIFY,0036.44,3,4,2,0,175,255,0,-45,-45,0.6,helicopter_3
MODIFY,0036.48,1,0,2,0,0,125,255,-40,0,0.6,helicopter_1
MODIFY,0036.52,2,-4,2,0,255,0,255,0,-40,0.6,helicopter_2
MODIFY,0036.56,3,4,2,0,175,255,0,-40,-40,0.6,helicopter_3
MODIFY,0036.60,1,0,2,0,0,125,255,-35,0,0.6,helicopter_1
MODIFY,0036.64,2,-4,2,0,255,0,255,0,-35,0.6,helicopter_2
MODIFY,0036.68,3,4,2,0,175,255,0,-35,-35,0.6,helicopter_3
MODIFY,0036.72,1,0,2,0,0,125,255,-30,0,0.6,helicopter_1
MODIFY,0036.76,2,-4,2,0,255,0,255,0,-30,0.6,helicopter_2
MODIFY,0036.80,3,4,2,0,175,255,0,-30,-30,0.6,helicopter_3
MODIFY,0036.84,1,0,2,0,0,125,255,-25,0,0.6,helicopter_1
MODIFY,0036.88,2,-4,2,0,255,0,255,0,-25,0.6,helicopter_2
MODIFY,0036.92,3,4,2,0,175,255,0,-25,-25,0.6,helicopter_3
MODIFY,0036.96,1,0,2,0,0,125,255,-20,0,0.6,helicopter_1
MODIFY,0037.00,2,-4,2,0,255,0,255,0,-20,0.6,helicopter_2
MODIFY,0037.04,3,4,2,0,175,255,0,-20,-20,0.6,helicopter_3
MODIFY,0037.08,1,0,2,0,0,125,255,-15,0,0.6,helicopter_1
MODIFY,0037.12,2,-4,2,0,255,0,255,0,-15,0.6,helicopter_2
MODIFY,0037.16,3,4,2,0,175,255,0,-15,-15,0.6,helicopter_3
MODIFY,0037.20,1,0,2,0,0,125,255,-10,0,0.6,helicopter_1
MODIFY,0037.24,2,-4,2,0,255,0,255,0,-10,0.6,helicopter_2
MODIFY,0037.28,3,4,2,0,175,255,0,-10,-10,0.6,helicopter_3
MODIFY,0037.32,1,0,2,0,0,125,255,-5,0,0.6,helicopter_1
MODIFY,0037.36,2,-4,2,0,255,0,255,0,-5,0.6,helicopter_2
MODIFY,0037.40,3,4,2,0,175,255,0,-5,-5,0.6,helicopter_3
MODIFY,0037.44,1,0,2,0,0,125,255,0,0,0.6,helicopter_1
MODIFY,0037.48,2,-4,2,0,255,0,255,0,0,0.6,helicopter_2
MODIFY,0037.52,3,4,2,0,175,255,0,0,0,0.6,helicopter_3
MODIFY,0037.56,1,0,2,0,0,125,255,5,0,0.6,helicopter_1
MODIFY,0037.60,2,-4,2,0,255,0,255,0,5,0.6,helicopter_2
MODIFY,0037.64,3,4,2,0,175,255,0,5,5,0.6,helicopter_3
MODIFY,0037.68,1,0,2,0,0,125,255,10,0,0.6,helicopter_1
MODIFY,0037.72,2,-4,2,0,255,0,255,0,10,0.6,helicopter_2
MODIFY,0037.76,3,4,2,0,175,255,0,10,10,0.6,helicopter_3
MODIFY,0037.80,1,0,2,0,0,125,255,15,0,0.6,helicopter_1
MODIFY,0037.84,2,-4,2,0,255,0,255,0,15,0.6,helicopter_2
MODIFY,0037.88,3,4,2,0,175,255,0,15,15,0.6,helicopter_3
MODIFY,0037.92,1,0,2,0,0,125,255,20,0,0.6,helicopter_1
MODIFY,0037.96,2,-4,2,0,255,0,255,0,20,0.6,helicopter_2
MODIFY,0038.00,3,4,2,0,175,255,0,20,20,0.6,helicopter_3
MODIFY,0038.04,1,0,2,0,0,125,255,25,0,0.6,helicopter_1
MODIFY,0038.08,2,-4,2,0,255,0,255,0,25,0.6,helicopter_2
MODIFY,0038.12,3,4,2,0,175,255,0,25,25,0.6,helicopter_3
MODIFY,0038.16,1,0,2,0,0,125,255,30,0,0.6,helicopter_1
MODIFY,0038.20,2,-4,2,0,255,0,255,0,30,0.6,helicopter_2
MODIFY,0038.24,3,4,2,0,175,255,0,30,30,0.6,helicopter_3
MODIFY,0038.28,1,0,2,0,0,125,255,35,0,0.6,helicopter_1
MODIFY,0038.32,2,-4,2,0,255,0,255,0,35,0.6,helicopter_2
MODIFY,0038.36,3,4,2,0,175,255,0,35,35,0.6,helicopter_3
MODIFY,0038.40,1,0,2,0,0,125,255,40,0,0.6,helicopter_1
MODIFY,0038.44,2,-4,2,0,255,0,255,0,40,0.6,helicopter_2
MODIFY,0038.48,3,4,2,0,175,255,0,40,40,0.6,helicopter_3
MODIFY,0038.52,1,0,2,0,0,125,255,45,0,0.6,helicopter_1
MODIFY,0038.56,2,-4,2,0,255,0,255,0,45,0.6,helicopter_2
MODIFY,0038.60,3,4,2,0,175,255,0,45,45,0.6,helicopter_3
MODIFY,0038.64,1,0,2,0,0,125,255,50,0,0.6,helicopter_1
MODIFY,0038.68,2,-4,2,0,255,0,255,0,50,0.6,helicopter_2
MODIFY,0038.72,3,4,2,0,175,255,0,50,50,0.6,helicopter_3
MODIFY,0038.76,1,0,2,0,0,125,255,55,0,0.6,helicopter_1
MODIFY,0038.80,2,-4,2,0,255,0,255,0,55,0.6,helicopter_2
MODIFY,0038.84,3,4,2,0,175,255,0,55,55,0.6,helicopter_3
MODIFY,0038.88,1,0,2,0,0,125,255,60,0,0.6,helicopter_1
MODIFY,0038.92,2,-4,2,0,255,0,255,0,60,0.6,helicopter_2
MODIFY,0038.96,3,4,2,0,175,255,0,60,60,0.6,helicopter_3
MODIFY,0039.00,1,0,2,0,0,125,255,65,0,0.6,helicopter_1
MODIFY,0039.04,2,-4,2,0,255,0,255,0,65,0.6,helicopter_2
MODIFY,0039.08,3,4,2,0,175,255,0,65,65,0.6,helicopter_3
MODIFY,0039.12,1,0,2,0,0,125,255,70,0,0.6,helicopter_1
MODIFY,0039.16,2,-4,2,0,255,0,255,0,70,0.6,helicopter_2
MODIFY,0039.20,3,4,2,0,175,255,0,70,70,0.6,helicopter_3
MODIFY,0039.24,1,0,2,0,0,125,255,75,0,0.6,helicopter_1
MODIFY,0039.28,2,-4,2,0,255,0,255,0,75,0.6,helicopter_2
MODIFY,0039.32,3,4,2,0,175,255,0,75,75,0.6,helicopter_3
MODIFY,0039.36,1,0,2,0,0,125,255,80,0,0.6,helicopter_1
MODIFY,0039.40,2,-4,2,0,255,0,255,0,80,0.6,helicopter_2
MODIFY,0039.44,3,4,2,0,175,255,0,80,80,0.6,helicopter_3
MODIFY,0039.48,1,0,2,0,0,125,255,85,0,0.6,helicopter_1
MODIFY,0039.52,2,-4,2,0,255,0,255,0,85,0.6,helicopter_2
MODIFY,0039.56,3,4,2,0,175,255,0,85,85,0.6,helicopter_3
MODIFY,0039.60,1,0,2,0,0,125,255,90,0,0.6,helicopter_1
MODIFY,0039.64,2,-4,2,0,255,0,255,0,90,0.6,helicopter_2
MODIFY,0039.68,3,4,2,0,175,255,0,90,90,0.6,helicopter_3
MODIFY,0039.72,1,0,2,0,0,125,255,95,0,0.6,helicopter_1
MODIFY,0039.76,2,-4,2,0,255,0,255,0,95,0.6,helicopter_2
MODIFY,0039.80,3,4,2,0,175,255,0,95,95,0.6,helicopter_3
MODIFY,0039.84,1,0,2,0,0,125,255,100,0,0.6,helicopter_1
MODIFY,0039.88,2,-4,2,0,255,0,255,0,100,0.6,helicopter_2
MODIFY,0039.92,3,4,2,0,175,255,0,100,100,0.6,helicopter_3
MODIFY,0039.96,1,0,2,0,0,125,255,105,0,0.6,helicopter_1
MODIFY,0040.00,2,-4,2,0,255,0,255,0,105,0.6,helicopter_2
MODIFY,0040.04,3,4,2,0,175,255,0,105,105,0.6,helicopter_3
MODIFY,0040.08,1,0,2,0,0,125,255,110,0,0.6,helicopter_1
MODIFY,0040.12,2,-4,2,0,255,0,255,0,110,0.6,helicopter_2
MODIFY,0040.16,3,4,2,0,175,255,0,110,110,0.6,helicopter_3
MODIFY,0040.20,1,0,2,0,0,125,255,115,0,0.6,helicopter_1
MODIFY,0040.24,2,-4,2,0,255,0,255,0,115,0.6,helicopter_2
MODIFY,0040.28,3,4,2,0,175,255,0,115,115,0.6,helicopter_3
MODIFY,0040.32,1,0,2,0,0,125,255,120,0,0.6,helicopter_1
MODIFY,0040.36,2,-4,2,0,255,0,255,0,120,0.6,helicopter_2
MODIFY,0040.40,3,4,2,0,175,255,0,120,120,0.6,helicopter_3
MODIFY,0040.44,1,0,2,0,0,125,255,125,0,0.6,helicopter_1
MODIFY,0040.48,2,-4,2,0,255,0,255,0,125,0.6,helicopter_2
MODIFY,0040.52,3,4,2,0,175,255,0,125,125,0.6,helicopter_3
MODIFY,0040.56,1,0,2,0,0,125,255,130,0,0.6,helicopter_1
MODIFY,0040.60,2,-4,2,0,255,0,255,0,130,0.6,helicopter_2
MODIFY,0040.64,3,4,2,0,175,255,0,130,130,0.6,helicopter_3
MODIFY,0040.68,1,0,2,0,0,125,255,135,0,0.6,helicopter_1
MODIFY,0040.72,2,-4,2,0,255,0,255,0,135,0.6,helicopter_2
MODIFY,0040.76,3,4,2,0,175,255,0,135,135,0.6,helicopter_3
MODIFY,0040.80,1,0,2,0,0,125,255,140,0,0.6,helicopter_1
MODIFY,0040.84,2,-4,2,0,255,0,255,0,140,0.6,helicopter_2
MODIFY,0040.88,3,4,2,0,175,255,0,140,140,0.6,helicopter_3
MODIFY,0040.92,1,0,2,0,0,125,255,145,0,0.6,helicopter_1
MODIFY,0040.96,2,-4,2,0,255,0,255,0,145,0.6,helicopter_2
MODIFY,0041.00,3,4,2,0,175,255,0,145,145,0.6,helicopter_3
MODIFY,0041.04,1,0,2,0,0,125,255,150,0,0.6,helicopter_1
MODIFY,0041.08,2,-4,2,0,255,0,255,0,150,0.6,helicopter_2
MODIFY,0041.12,3,4,2,0,175,255,0,150,150,0.6,helicopter_3
MODIFY,0041.16,1,0,2,0,0,125,255,155,0,0.6,helicopter_1
MODIFY,0041.20,2,-4,2,0,255,0,255,0,155,0.6,helicopter_2
MODIFY,0041.24,3,4,2,0,175,255,0,155,155,0.6,helicopter_3
MODIFY,0041.28,1,0,2,0,0,125,255,160,0,0.6,helicopter_1
MODIFY,0041.32,2,-4,2,0,255,0,255,0,160,0.6,helicopter_2
MODIFY,0041.36,3,4,2,0,175,255,0,160,160,0.6,helicopter_3
MODIFY,0041.40,1,0,2,0,0,125,255,165,0,0.6,helicopter_1
MODIFY,0041.44,2,-4,2,0,255,0,255,0,165,0.6,helicopter_2
MODIFY,0041.48,3,4,2,0,175,255,0,165,165,0.6,helicopter_3
MODIFY,0041.52,1,0,2,0,0,125,255,170,0,0.6,helicopter_1
MODIFY,0041.56,2,-4,2,0,255,0,255,0,170,0.6,helicopter_2
MODIFY,0041.60,3,4,2,0,175,255,0,170,170,0.6,helicopter_3
MODIFY,0041.64,1,0,2,0,0,125,255,175,0,0.6,helicopter_1
MODIFY,0041.68,2,-4,2,0,255,0,255,0,175,0.6,helicopter_2
MODIFY,0041.72,3,4,2,0,175,255,0,175,175,0.6,helicopter_3
MODIFY,0041.76,1,0,2,0,0,125,255,-180,0,0.6,helicopter_1
MODIFY,0041.80,2,-4,2,0,255,0,255,0,-180,0.6,helicopter_2
MODIFY,0041.84,3,4,2,0,175,255,0,-180,-180,0.6,helicopter_3
MODIFY,0041.88,1,0,2,0,0,125,255,-175,0,0.6,helicopter_1
MODIFY,0041.92,2,-4,2,0,255,0,255,0,-175,0.6,helicopter_2
MODIFY,0041.96,3,4,2,0,175,255,0,-175,-175,0.6,helicopter_3
MODIFY,0042.00,1,0,2,0,0,125,255,-170,0,0.6,helicopter_1
MODIFY,0042.04,2,-4,2,0,255,0,255,0,-170,0.6,helicopter_2
MODIFY,0042.08,3,4,2,0,175,255,0,-170,-170,0.6,helicopter_3
MODIFY,0042.12,1,0,2,0,0,125,255,-165,0,0.6,helicopter_1
MODIFY,0042.16,2,-4,2,0,255,0,255,0,-165,0.6,helicopter_2
MODIFY,0042.20,3,4,2,0,175,255,0,-165,-165,0.6,helicopter_3
MODIFY,0042.24,1,0,2,0,0,125,255,-160,0,0.6,helicopter_1
MODIFY,0042.28,2,-4,2,0,255,0,255,0,-160,0.6,helicopter_2
MODIFY,0042.32,3,4,2,0,175,255,0,-160,-160,0.6,helicopter_3
MODIFY,0042.36,1,0,2,0,0,125,255,-155,0,0.6,helicopter_1
MODIFY,0042.40,2,-4,2,0,255,0,255,0,-155,0.6,helicopter_2
MODIFY,0042.44,3,4,2,0,175,255,0,-155,-155,0.6,helicopter_3
MODIFY,0042.48,1,0,2,0,0,125,255,-150,0,0.6,helicopter_1
MODIFY,0042.52,2,-4,2,0,255,0,255,0,-150,0.6,helicopter_2
MODIFY,0042.56,3,4,2,0,175,255,0,-150,-150,0.6,helicopter_3
MODIFY,0042.60,1,0,2,0,0,125,255,-145,0,0.6,helicopter_1
MODIFY,0042.64,2,-4,2,0,255,0,255,0,-145,0.6,helicopter_2
MODIFY,0042.68,3,4,2,0,175,255,0,-145,-145,0.6,helicopter_3
MODIFY,0042.72,1,0,2,0,0,125,255,-140,0,0.6,helicopter_1
MODIFY,0042.76,2,-4,2,0,255,0,255,0,-140,0.6,helicopter_2
MODIFY,0042.80,3,4,2,0,175,255,0,-140,-140,0.6,helicopter_3
MODIFY,0042.84,1,0,2,0,0,125,255,-135,0,0.6,helicopter_1
MODIFY,0042.88,2,-4,2,0,255,0,255,0,-135,0.6,helicopter_2
MODIFY,0042.92,3,4,2,0,175,255,0,-135,-135,0.6,helicopter_3
MODIFY,0042.96,1,0,2,0,0,125,255,-130,0,0.6,helicopter_1
MODIFY,0043.00,2,-4,2,0,255,0,255,0,-130,0.6,helicopter_2
MODIFY,0043.04,3,4,2,0,175,255,0,-130,-130,0.6,helicopter_3
MODIFY,0043.08,1,0,2,0,0,125,255,-125,0,0.6,helicopter_1
MODIFY,0043.12,2,-4,2,0,255,0,255,0,-125,0.6,helicopter_2
MODIFY,0043.16,3,4,2,0,175,255,0,-125,-125,0.6,helicopter_3
MODIFY,0043.20,1,0,2,0,0,125,255,-120,0,0.6,helicopter_1
MODIFY,0043.24,2,-4,2,0,255,0,255,0,-120,0.6,helicopter_2
MODIFY,0043.28,3,4,2,0,175,255,0,-120,-120,0.6,helicopter_3
MODIFY,0043.32,1,0,2,0,0,125,255,-115,0,0.6,helicopter_1
MODIFY,0043.36,2,-4,2,0,255,0,255,0,-115,0.6,helicopter_2
MODIFY,0043.40,3,4,2,0,175,255,0,-115,-115,0.6,helicopter_3
MODIFY,0043.44,1,0,2,0,0,125,255,-110,0,0.6,helicopter_1
MODIFY,0043.48,2,-4,2,0,255,0,255,0,-110,0.6,helicopter_2
MODIFY,0043.52,3,4,2,0,175,255,0,-110,-110,0.6,helicopter_3
MODIFY,0043.56,1,0,2,0,0,125,255,-105,0,0.6,helicopter_1
MODIFY,0043.60,2,-4,2,0,255,0,255,0,-105,0.6,helicopter_2
MODIFY,0043.64,3,4,2,0,175,255,0,-105,-105,0.6,helicopter_3
MODIFY,0043.68,1,0,2,0,0,125,255,-100,0,0.6,helicopter_1
MODIFY,0043.72,2,-4,2,0,255,0,255,0,-100,0.6,helicopter_2
MODIFY,0043.76,3,4,2,0,175,255,0,-100,-100,0.6,helicopter_3
MODIFY,0043.80,1,0,2,0,0,125,255,-95,0,0.6,helicopter_1
MODIFY,0043.84,2,-4,2,0,255,0,255,0,-95,0.6,helicopter_2
MODIFY,0043.88,3,4,2,0,175,255,0,-95,-95,0.6,helicopter_3
MODIFY,0043.92,1,0,2,0,0,125,255,-90,0,0.6,helicopter_1
MODIFY,0043.96,2,-4,2,0,255,0,255,0,-90,0.6,helicopter_2
MODIFY,0044.00,3,4,2,0,175,255,0,-90,-90,0.6,helicopter_3
MODIFY,0044.04,1,0,2,0,0,125,255,-85,0,0.6,helicopter_1
MODIFY,0044.08,2,-4,2,0,255,0,255,0,-85,0.6,helicopter_2
MODIFY,0044.12,3,4,2,0,175,255,0,-85,-85,0.6,helicopter_3
MODIFY,0044.16,1,0,2,0,0,125,255,-80,0,0.6,helicopter_1
MODIFY,0044.20,2,-4,2,0,255,0,255,0,-80,0.6,helicopter_2
MODIFY,0044.24,3,4,2,0,175,255,0,-80,-80,0.6,helicopter_3
MODIFY,0044.28,1,0,2,0,0,125,255,-75,0,0.6,helicopter_1
MODIFY,0044.32,2,-4,2,0,255,0,255,0,-75,0.6,helicopter_2
MODIFY,0044.36,3,4,2,0,175,255,0,-75,-75,0.6,helicopter_3
MODIFY,0044.40,1,0,2,0,0,125,255,-70,0,0.6,helicopter_1
MODIFY,0044.44,2,-4,2,0,255,0,255,0,-70,0.6,helicopter_2
MODIFY,0044.48,3,4,2,0,175,255,0,-70,-70,0.6,helicopter_3
MODIFY,0044.52,1,0,2,0,0,125,255,-65,0,0.6,helicopter_1
MODIFY,0044.56,2,-4,2,0,255,0,255,0,-65,0.6,helicopter_2
MODIFY,0044.60,3,4,2,0,175,255,0,-65,-65,0.6,helicopter_3
MODIFY,0044.64,1,0,2,0,0,125,255,-60,0,0.6,helicopter_1
MODIFY,0044.68,2,-4,2,0,255,0,255,0,-60,0.6,helicopter_2
MODIFY,0044.72,3,4,2,0,175,255,0,-60,-60,0.6,helicopter_3
MODIFY,0044.76,1,0,2,0,0,125,255,-55,0,0.6,helicopter_1
MODIFY,0044.80,2,-4,2,0,255,0,255,0,-55,0.6,helicopter_2
MODIFY,0044.84,3,4,2,0,175,255,0,-55,-55,0.6,helicopter_3
MODIFY,0044.88,1,0,2,0,0,125,255,-50,0,0.6,helicopter_1
MODIFY,0044.92,2,-4,2,0,255,0,255,0,-50,0.6,helicopter_2
MODIFY,0044.96,3,4,2,0,175,255,0,-50,-50,0.6,helicopter_3
MODIFY,0045.00,1,0,2,0,0,125,255,-45,0,0.6,helicopter_1
MODIFY,0045.04,2,-4,2,0,255,0,255,0,-45,0.6,helicopter_2
MODIFY,0045.08,3,4,2,0,175,255,0,-45,-45,0.6,helicopter_3
MODIFY,0045.12,1,0,2,0,0,125,255,-40,0,0.6,helicopter_1
MODIFY,0045.16,2,-4,2,0,255,0,255,0,-40,0.6,helicopter_2
MODIFY,0045.20,3,4,2,0,175,255,0,-40,-40,0.6,helicopter_3
MODIFY,0045.24,1,0,2,0,0,125,255,-35,0,0.6,helicopter_1
MODIFY,0045.28,2,-4,2,0,255,0,255,0,-35,0.6,helicopter_2
MODIFY,0045.32,3,4,2,0,175,255,0,-35,-35,0.6,helicopter_3
MODIFY,0045.36,1,0,2,0,0,125,255,-30,0,0.6,helicopter_1
MODIFY,0045.40,2,-4,2,0,255,0,255,0,-30,0.6,helicopter_2
MODIFY,0045.44,3,4,2,0,175,255,0,-30,-30,0.6,helicopter_3
MODIFY,0045.48,1,0,2,0,0,125,255,-25,0,0.6,helicopter_1
MODIFY,0045.52,2,-4,2,0,255,0,255,0,-25,0.6,helicopter_2
MODIFY,0045.56,3,4,2,0,175,255,0,-25,-25,0.6,helicopter_3
MODIFY,0045.60,1,0,2,0,0,125,255,-20,0,0.6,helicopter_1
MODIFY,0045.64,2,-4,2,0,255,0,255,0,-20,0.6,helicopter_2
MODIFY,0045.68,3,4,2,0,175,255,0,-20,-20,0.6,helicopter_3
MODIFY,0045.72,1,0,2,0,0,125,255,-15,0,0.6,helicopter_1
MODIFY,0045.76,2,-4,2,0,255,0,255,0,-15,0.6,helicopter_2
MODIFY,0045.80,3,4,2,0,175,255,0,-15,-15,0.6,helicopter_3
MODIFY,0045.84,1,0,2,0,0,125,255,-10,0,0.6,helicopter_1
MODIFY,0045.88,2,-4,2,0,255,0,255,0,-10,0.6,helicopter_2
MODIFY,0045.92,3,4,2,0,175,255,0,-10,-10,0.6,helicopter_3
MODIFY,0045.96,1,0,2,0,0,125,255,-5,0,0.6,helicopter_1
MODIFY,0046.00,2,-4,2,0,255,0,255,0,-5,0.6,helicopter_2
MODIFY,0046.04,3,4,2,0,175,255,0,-5,-5,0.6,helicopter_3
MODIFY,0046.08,1,0,2,0,0,125,255,0,0,0.6,helicopter_1
MODIFY,0046.12,2,-4,2,0,255,0,255,0,0,0.6,helicopter_2
MODIFY,0046.16,3,4,2,0,175,255,0,0,0,0.6,helicopter_3
MODIFY,0046.20,1,0,2,0,0,125,255,5,0,0.6,helicopter_1
MODIFY,0046.24,2,-4,2,0,255,0,255,0,5,0.6,helicopter_2
MODIFY,0046.28,3,4,2,0,175,255,0,5,5,0.6,helicopter_3
MODIFY,0046.32,1,0,2,0,0,125,255,10,0,0.6,helicopter_1
MODIFY,0046.36,2,-4,2,0,255,0,255,0,10,0.6,helicopter_2
MODIFY,0046.40,3,4,2,0,175,255,0,10,10,0.6,helicopter_3
MODIFY,0046.44,1,0,2,0,0,125,255,15,0,0.6,helicopter_1
MODIFY,0046.48,2,-4,2,0,255,0,255,0,15,0.6,helicopter_2
MODIFY,0046.52,3,4,2,0,175,255,0,15,15,0.6,helicopter_3
MODIFY,0046.56,1,0,2,0,0,125,255,20,0,0.6,helicopter_1
MODIFY,0046.60,2,-4,2,0,255,0,255,0,20,0.6,helicopter_2
MODIFY,0046.64,3,4,2,0,175,255,0,20,20,0.6,helicopter_3
MODIFY,0046.68,1,0,2,0,0,125,255,25,0,0.6,helicopter_1
MODIFY,0046.72,2,-4,2,0,255,0,255,0,25,0.6,helicopter_2
MODIFY,0046.76,3,4,2,0,175,255,0,25,25,0.6,helicopter_3
MODIFY,0046.80,1,0,2,0,0,125,255,30,0,0.6,helicopter_1
MODIFY,0046.84,2,-4,2,0,255,0,255,0,30,0.6,helicopter_2
MODIFY,0046.88,3,4,2,0,175,255,0,30,30,0.6,helicopter_3
MODIFY,0046.92,1,0,2,0,0,125,255,35,0,0.6,helicopter_1
MODIFY,0046.96,2,-4,2,0,255,0,255,0,35,0.6,helicopter_2
MODIFY,0047.00,3,4,2,0,175,255,0,35,35,0.6,helicopter_3
MODIFY,0047.04,1,0,2,0,0,125,255,40,0,0.6,helicopter_1
MODIFY,0047.08,2,-4,2,0,255,0,255,0,40,0.6,helicopter_2
MODIFY,0047.12,3,4,2,0,175,255,0,40,40,0.6,helicopter_3
MODIFY,0047.16,1,0,2,0,0,125,255,45,0,0.6,helicopter_1
MODIFY,0047.20,2,-4,2,0,255,0,255,0,45,0.6,helicopter_2
MODIFY,0047.24,3,4,2,0,175,255,0,45,45,0.6,helicopter_3
MODIFY,0047.28,1,0,2,0,0,125,255,50,0,0.6,helicopter_1
MODIFY,0047.32,2,-4,2,0,255,0,255,0,50,0.6,helicopter_2
MODIFY,0047.36,3,4,2,0,175,255,0,50,50,0.6,helicopter_3
MODIFY,0047.40,1,0,2,0,0,125,255,55,0,0.6,helicopter_1
MODIFY,0047.44,2,-4,2,0,255,0,255,0,55,0.6,helicopter_2
MODIFY,0047.48,3,4,2,0,175,255,0,55,55,0.6,helicopter_3
MODIFY,0047.52,1,0,2,0,0,125,255,60,0,0.6,helicopter_1
MODIFY,0047.56,2,-4,2,0,255,0,255,0,60,0.6,helicopter_2
MODIFY,0047.60,3,4,2,0,175,255,0,60,60,0.6,helicopter_3
MODIFY,0047.64,1,0,2,0,0,125,255,65,0,0.6,helicopter_1
MODIFY,0047.68,2,-4,2,0,255,0,255,0,65,0.6,helicopter_2
MODIFY,0047.72,3,4,2,0,175,255,0,65,65,0.6,helicopter_3
MODIFY,0047.76,1,0,2,0,0,125,255,70,0,0.6,helicopter_1
MODIFY,0047.80,2,-4,2,0,255,0,255,0,70,0.6,helicopter_2
MODIFY,0047.84,3,4,2,0,175,255,0,70,70,0.6,helicopter_3
MODIFY,0047.88,1,0,2,0,0,125,255,75,0,0.6,helicopter_1
MODIFY,0047.92,2,-4,2,0,255,0,255,0,75,0.6,helicopter_2
MODIFY,0047.96,3,4,2,0,175,255,0,75,75,0.6,helicopter_3
MODIFY,0048.00,1,0,2,0,0,125,255,80,0,0.6,helicopter_1
MODIFY,0048.04,2,-4,2,0,255,0,255,0,80,0.6,helicopter_2
MODIFY,0048.08,3,4,2,0,175,255,0,80,80,0.6,helicopter_3
MODIFY,0048.12,1,0,2,0,0,125,255,85,0,0.6,helicopter_1
MODIFY,0048.16,2,-4,2,0,255,0,255,0,85,0.6,helicopter_2
MODIFY,0048.20,3,4,2,0,175,255,0,85,85,0.6,helicopter_3
MODIFY,0048.24,1,0,2,0,0,125,255,90,0,0.6,helicopter_1
MODIFY,0048.28,2,-4,2,0,255,0,255,0,90,0.6,helicopter_2
MODIFY,0048.32,3,4,2,0,175,255,0,90,90,0.6,helicopter_3
MODIFY,0048.36,1,0,2,0,0,125,255,95,0,0.6,helicopter_1
MODIFY,0048.40,2,-4,2,0,255,0,255,0,95,0.6,helicopter_2
MODIFY,0048.44,3,4,2,0,175,255,0,95,95,0.6,helicopter_3
MODIFY,0048.48,1,0,2,0,0,125,255,100,0,0.6,helicopter_1
MODIFY,0048.52,2,-4,2,0,255,0,255,0,100,0.6,helicopter_2
MODIFY,0048.56,3,4,2,0,175,255,0,100,100,0.6,helicopter_3
MODIFY,0048.60,1,0,2,0,0,125,255,105,0,0.6,helicopter_1
MODIFY,0048.64,2,-4,2,0,255,0,255,0,105,0.6,helicopter_2
MODIFY,0048.68,3,4,2,0,175,255,0,105,105,0.6,helicopter_3
MODIFY,0048.72,1,0,2,0,0,125,255,110,0,0.6,helicopter_1
MODIFY,0048.76,2,-4,2,0,255,0,255,0,110,0.6,helicopter_2
MODIFY,0048.80,3,4,2,0,175,255,0,110,110,0.6,helicopter_3
MODIFY,0048.84,1,0,2,0,0,125,255,115,0,0.6,helicopter_1
MODIFY,0048.88,2,-4,2,0,255,0,255,0,115,0.6,helicopter_2
MODIFY,0048.92,3,4,2,0,175,255,0,115,115,0.6,helicopter_3
MODIFY,0048.96,1,0,2,0,0,125,255,120,0,0.6,helicopter_1
MODIFY,0049.00,2,-4,2,0,255,0,255,0,120,0.6,helicopter_2
MODIFY,0049.04,3,4,2,0,175,255,0,120,120,0.6,helicopter_3
MODIFY,0049.08,1,0,2,0,0,125,255,125,0,0.6,helicopter_1
MODIFY,0049.12,2,-4,2,0,255,0,255,0,125,0.6,helicopter_2
MODIFY,0049.16,3,4,2,0,175,255,0,125,125,0.6,helicopter_3
MODIFY,0049.20,1,0,2,0,0,125,255,130,0,0.6,helicopter_1
MODIFY,0049.24,2,-4,2,0,255,0,255,0,130,0.6,helicopter_2
MODIFY,0049.28,3,4,2,0,175,255,0,130,130,0.6,helicopter_3
MODIFY,0049.32,1,0,2,0,0,125,255,135,0,0.6,helicopter_1
MODIFY,0049.36,2,-4,2,0,255,0,255,0,135,0.6,helicopter_2
MODIFY,0049.40,3,4,2,0,175,255,0,135,135,0.6,helicopter_3
MODIFY,0049.44,1,0,2,0,0,125,255,140,0,0.6,helicopter_1
MODIFY,0049.48,2,-4,2,0,255,0,255,0,140,0.6,helicopter_2
MODIFY,0049.52,3,4,2,0,175,255,0,140,140,0.6,helicopter_3
MODIFY,0049.56,1,0,2,0,0,125,255,145,0,0.6,helicopter_1
MODIFY,0049.60,2,-4,2,0,255,0,255,0,145,0.6,helicopter_2
MODIFY,0049.64,3,4,2,0,175,255,0,145,145,0.6,helicopter_3
MODIFY,0049.68,1,0,2,0,0,125,255,150,0,0.6,helicopter_1
MODIFY,0049.72,2,-4,2,0,255,0,255,0,150,0.6,helicopter_2
MODIFY,0049.76,3,4,2,0,175,255,0,150,150,0.6,helicopter_3
MODIFY,0049.80,1,0,2,0,0,125,255,155,0,0.6,helicopter_1
MODIFY,0049.84,2,-4,2,0,255,0,255,0,155,0.6,helicopter_2
MODIFY,0049.88,3,4,2,0,175,255,0,155,155,0.6,helicopter_3
MODIFY,0049.92,1,0,2,0,0,125,255,160,0,0.6,helicopter_1
MODIFY,0049.96,2,-4,2,0,255,0,255,0,160,0.6,helicopter_2
MODIFY,0050.00,3,4,2,0,175,255,0,160,160,0.6,helicopter_3
MODIFY,0050.04,1,0,2,0,0,125,255,165,0,0.6,helicopter_1
MODIFY,0050.08,2,-4,2,0,255,0,255,0,165,0.6,helicopter_2
MODIFY,0050.12,3,4,2,0,175,255,0,165,165,0.6,helicopter_3
MODIFY,0050.16,1,0,2,0,0,125,255,170,0,0.6,helicopter_1
MODIFY,0050.20,2,-4,2,0,255,0,255,0,170,0.6,helicopter_2
MODIFY,0050.24,3,4,2,0,175,255,0,170,170,0.6,helicopter_3
MODIFY,0050.28,1,0,2,0,0,125,255,175,0,0.6,helicopter_1
MODIFY,0050.32,2,-4,2,0,255,0,255,0,175,0.6,helicopter_2
MODIFY,0050.36,3,4,2,0,175,255,0,175,175,0.6,helicopter_3
MODIFY,0050.40,1,0,2,0,0,125,255,-180,0,0.6,helicopter_1
MODIFY,0050.44,2,-4,2,0,255,0,255,0,-180,0.6,helicopter_2
MODIFY,0050.48,3,4,2,0,175,255,0,-180,-180,0.6,helicopter_3
MODIFY,0050.52,1,0,2,0,0,125,255,-175,0,0.6,helicopter_1
MODIFY,0050.56,2,-4,2,0,255,0,255,0,-175,0.6,helicopter_2
MODIFY,0050.60,3,4,2,0,175,255,0,-175,-175,0.6,helicopter_3
MODIFY,0050.64,1,0,2,0,0,125,255,-170,0,0.6,helicopter_1
MODIFY,0050.68,2,-4,2,0,255,0,255,0,-170,0.6,helicopter_2
MODIFY,0050.72,3,4,2,0,175,255,0,-170,-170,0.6,helicopter_3
MODIFY,0050.76,1,0,2,0,0,125,255,-165,0,0.6,helicopter_1
MODIFY,0050.80,2,-4,2,0,255,0,255,0,-165,0.6,helicopter_2
MODIFY,0050.84,3,4,2,0,175,255,0,-165,-165,0.6,helicopter_3
MODIFY,0050.88,1,0,2,0,0,125,255,-160,0,0.6,helicopter_1
MODIFY,0050.92,2,-4,2,0,255,0,255,0,-160,0.6,helicopter_2
MODIFY,0050.96,3,4,2,0,175,255,0,-160,-160,0.6,helicopter_3
MODIFY,0051.00,1,0,2,0,0,125,255,-155,0,0.6,helicopter_1
MODIFY,0051.04,2,-4,2,0,255,0,255,0,-155,0.6,helicopter_2
MODIFY,0051.08,3,4,2,0,175,255,0,-155,-155,0.6,helicopter_3
MODIFY,0051.12,1,0,2,0,0,125,255,-150,0,0.6,helicopter_1
MODIFY,0051.16,2,-4,2,0,255,0,255,0,-150,0.6,helicopter_2
MODIFY,0051.20,3,4,2,0,175,255,0,-150,-150,0.6,helicopter_3
MODIFY,0051.24,1,0,2,0,0,125,255,-145,0,0.6,helicopter_1
MODIFY,0051.28,2,-4,2,0,255,0,255,0,-145,0.6,helicopter_2
MODIFY,0051.32,3,4,2,0,175,255,0,-145,-145,0.6,helicopter_3
MODIFY,0051.36,1,0,2,0,0,125,255,-140,0,0.6,helicopter_1
MODIFY,0051.40,2,-4,2,0,255,0,255,0,-140,0.6,helicopter_2
MODIFY,0051.44,3,4,2,0,175,255,0,-140,-140,0.6,helicopter_3
MODIFY,0051.48,1,0,2,0,0,125,255,-135,0,0.6,helicopter_1
MODIFY,0051.52,2,-4,2,0,255,0,255,0,-135,0.6,helicopter_2
MODIFY,0051.56,3,4,2,0,175,255,0,-135,-135,0.6,helicopter_3
MODIFY,0051.60,1,0,2,0,0,125,255,-130,0,0.6,helicopter_1
MODIFY,0051.64,2,-4,2,0,255,0,255,0,-130,0.6,helicopter_2
MODIFY,0051.68,3,4,2,0,175,255,0,-130,-130,0.6,helicopter_3
MODIFY,0051.72,1,0,2,0,0,125,255,-125,0,0.6,helicopter_1
MODIFY,0051.76,2,-4,2,0,255,0,255,0,-125,0.6,helicopter_2
MODIFY,0051.80,3,4,2,0,175,255,0,-125,-125,0.6,helicopter_3
MODIFY,0051.84,1,0,2,0,0,125,255,-120,0,0.6,helicopter_1
MODIFY,0051.88,2,-4,2,0,255,0,255,0,-120,0.6,helicopter_2
MODIFY,0051.92,3,4,2,0,175,255,0,-120,-120,0.6,helicopter_3
MODIFY,0051.96,1,0,2,0,0,125,255,-115,0,0.6,helicopter_1
MODIFY,0052.00,2,-4,2,0,255,0,255,0,-115,0.6,helicopter_2
MODIFY,0052.04,3,4,2,0,175,255,0,-115,-115,0.6,helicopter_3
MODIFY,0052.08,1,0,2,0,0,125,255,-110,0,0.6,helicopter_1
MODIFY,0052.12,2,-4,2,0,255,0,255,0,-110,0.6,helicopter_2
MODIFY,0052.16,3,4,2,0,175,255,0,-110,-110,0.6,helicopter_3
MODIFY,0052.20,1,0,2,0,0,125,255,-105,0,0.6,helicopter_1
MODIFY,0052.24,2,-4,2,0,255,0,255,0,-105,0.6,helicopter_2
MODIFY,0052.28,3,4,2,0,175,255,0,-105,-105,0.6,helicopter_3
MODIFY,0052.32,1,0,2,0,0,125,255,-100,0,0.6,helicopter_1
MODIFY,0052.36,2,-4,2,0,255,0,255,0,-100,0.6,helicopter_2
MODIFY,0052.40,3,4,2,0,175,255,0,-100,-100,0.6,helicopter_3
MODIFY,0052.44,1,0,2,0,0,125,255,-95,0,0.6,helicopter_1
MODIFY,0052.48,2,-4,2,0,255,0,255,0,-95,0.6,helicopter_2
MODIFY,0052.52,3,4,2,0,175,255,0,-95,-95,0.6,helicopter_3
MODIFY,0052.56,1,0,2,0,0,125,255,-90,0,0.6,helicopter_1
MODIFY,0052.60,2,-4,2,0,255,0,255,0,-90,0.6,helicopter_2
MODIFY,0052.64,3,4,2,0,175,255,0,-90,-90,0.6,helicopter_3
MODIFY,0052.68,1,0,2,0,0,125,255,-85,0,0.6,helicopter_1
MODIFY,0052.72,2,-4,2,0,255,0,255,0,-85,0.6,helicopter_2
MODIFY,0052.76,3,4,2,0,175,255,0,-85,-85,0.6,helicopter_3
MODIFY,0052.80,1,0,2,0,0,125,255,-80,0,0.6,helicopter_1
MODIFY,0052.84,2,-4,2,0,255,0,255,0,-80,0.6,helicopter_2
MODIFY,0052.88,3,4,2,0,175,255,0,-80,-80,0.6,helicopter_3
MODIFY,0052.92,1,0,2,0,0,125,255,-75,0,0.6,helicopter_1
MODIFY,0052.96,2,-4,2,0,255,0,255,0,-75,0.6,helicopter_2
MODIFY,0053.00,3,4,2,0,175,255,0,-75,-75,0.6,helicopter_3
MODIFY,0053.04,1,0,2,0,0,125,255,-70,0,0.6,helicopter_1
MODIFY,0053.08,2,-4,2,0,255,0,255,0,-70,0.6,helicopter_2
MODIFY,0053.12,3,4,2,0,175,255,0,-70,-70,0.6,helicopter_3
MODIFY,0053.16,1,0,2,0,0,125,255,-65,0,0.6,helicopter_1
MODIFY,0053.20,2,-4,2,0,255,0,255,0,-65,0.6,helicopter_2
MODIFY,0053.24,3,4,2,0,175,255,0,-65,-65,0.6,helicopter_3
MODIFY,0053.28,1,0,2,0,0,125,255,-60,0,0.6,helicopter_1
MODIFY,0053.32,2,-4,2,0,255,0,255,0,-60,0.6,helicopter_2
MODIFY,0053.36,3,4,2,0,175,255,0,-60,-60,0.6,helicopter_3
MODIFY,0053.40,1,0,2,0,0,125,255,-55,0,0.6,helicopter_1
MODIFY,0053.44,2,-4,2,0,255,0,255,0,-55,0.6,helicopter_2
MODIFY,0053.48,3,4,2,0,175,255,0,-55,-55,0.6,helicopter_3
MODIFY,0053.52,1,0,2,0,0,125,255,-50,0,0.6,helicopter_1
MODIFY,0053.56,2,-4,2,0,255,0,255,0,-50,0.6,helicopter_2
MODIFY,0053.60,3,4,2,0,175,255,0,-50,-50,0.6,helicopter_3
MODIFY,0053.64,1,0,2,0,0,125,255,-45,0,0.6,helicopter_1
MODIFY,0053.68,2,-4,2,0,255,0,255,0,-45,0.6,helicopter_2
MODIFY,0053.72,3,4,2,0,175,255,0,-45,-45,0.6,helicopter_3
MODIFY,0053.76,1,0,2,0,0,125,255,-40,0,0.6,helicopter_1
MODIFY,0053.80,2,-4,2,0,255,0,255,0,-40,0.6,helicopter_2
MODIFY,0053.84,3,4,2,0,175,255,0,-40,-40,0.6,helicopter_3
MODIFY,0053.88,1,0,2,0,0,125,255,-35,0,0.6,helicopter_1
MODIFY,0053.92,2,-4,2,0,255,0,255,0,-35,0.6,helicopter_2
MODIFY,0053.96,3,4,2,0,175,255,0,-35,-35,0.6,helicopter_3
MODIFY,0054.00,1,0,2,0,0,125,255,-30,0,0.6,helicopter_1
MODIFY,0054.04,2,-4,2,0,255,0,255,0,-30,0.6,helicopter_2
MODIFY,0054.08,3,4,2,0,175,255,0,-30,-30,0.6,helicopter_3
MODIFY,0054.12,1,0,2,0,0,125,255,-25,0,0.6,helicopter_1
MODIFY,0054.16,2,-4,2,0,255,0,255,0,-25,0.6,helicopter_2
MODIFY,0054.20,3,4,2,0,175,255,0,-25,-25,0.6,helicopter_3
MODIFY,0054.24,1,0,2,0,0,125,255,-20,0,0.6,helicopter_1
MODIFY,0054.28,2,-4,2,0,255,0,255,0,-20,0.6,helicopter_2
MODIFY,0054.32,3,4,2,0,175,255,0,-20,-20,0.6,helicopter_3
MODIFY,0054.36,1,0,2,0,0,125,255,-15,0,0.6,helicopter_1
MODIFY,0054.40,2,-4,2,0,255,0,255,0,-15,0.6,helicopter_2
MODIFY,0054.44,3,4,2,0,175,255,0,-15,-15,0.6,helicopter_3
MODIFY,0054.48,1,0,2,0,0,125,255,-10,0,0.6,helicopter_1
MODIFY,0054.52,2,-4,2,0,255,0,255,0,-10,0.6,helicopter_2
MODIFY,0054.56,3,4,2,0,175,255,0,-10,-10,0.6,helicopter_3
MODIFY,0054.60,1,0,2,0,0,125,255,-5,0,0.6,helicopter_1
MODIFY,0054.64,2,-4,2,0,255,0,255,0,-5,0.6,helicopter_2
MODIFY,0054.68,3,4,2,0,175,255,0,-5,-5,0.6,helicopter_3
MODIFY,0054.72,1,0,2,0,0,125,255,0,0,0.6,helicopter_1
MODIFY,0054.76,2,-4,2,0,255,0,255,0,0,0.6,helicopter_2
MODIFY,0054.80,3,4,2,0,175,255,0,0,0,0.6,helicopter_3
MODIFY,0054.84,1,0,2,0,0,125,255,5,0,0.6,helicopter_1
MODIFY,0054.88,2,-4,2,0,255,0,255,0,5,0.6,helicopter_2
MODIFY,0054.92,3,4,2,0,175,255,0,5,5,0.6,helicopter_3
MODIFY,0054.96,1,0,2,0,0,125,255,10,0,0.6,helicopter_1
MODIFY,0055.00,2,-4,2,0,255,0,255,0,10,0.6,helicopter_2
MODIFY,0055.04,3,4,2,0,175,255,0,10,10,0.6,helicopter_3
MODIFY,0055.08,1,0,2,0,0,125,255,15,0,0.6,helicopter_1
MODIFY,0055.12,2,-4,2,0,255,0,255,0,15,0.6,helicopter_2
MODIFY,0055.16,3,4,2,0,175,255,0,15,15,0.6,helicopter_3
MODIFY,0055.20,1,0,2,0,0,125,255,20,0,0.6,helicopter_1
MODIFY,0055.24,2,-4,2,0,255,0,255,0,20,0.6,helicopter_2
MODIFY,0055.28,3,4,2,0,175,255,0,20,20,0.6,helicopter_3
MODIFY,0055.32,1,0,2,0,0,125,255,25,0,0.6,helicopter_1
MODIFY,0055.36,2,-4,2,0,255,0,255,0,25,0.6,helicopter_2
MODIFY,0055.40,3,4,2,0,175,255,0,25,25,0.6,helicopter_3
MODIFY,0055.44,1,0,2,0,0,125,255,30,0,0.6,helicopter_1
MODIFY,0055.48,2,-4,2,0,255,0,255,0,30,0.6,helicopter_2
MODIFY,0055.52,3,4,2,0,175,255,0,30,30,0.6,helicopter_3
MODIFY,0055.56,1,0,2,0,0,125,255,35,0,0.6,helicopter_1
MODIFY,0055.60,2,-4,2,0,255,0,255,0,35,0.6,helicopter_2
MODIFY,0055.64,3,4,2,0,175,255,0,35,35,0.6,helicopter_3
MODIFY,0055.68,1,0,2,0,0,125,255,40,0,0.6,helicopter_1
MODIFY,0055.72,2,-4,2,0,255,0,255,0,40,0.6,helicopter_2
MODIFY,0055.76,3,4,2,0,175,255,0,40,40,0.6,helicopter_3
MODIFY,0055.80,1,0,2,0,0,125,255,45,0,0.6,helicopter_1
MODIFY,0055.84,2,-4,2,0,255,0,255,0,45,0.6,helicopter_2
MODIFY,0055.88,3,4,2,0,175,255,0,45,45,0.6,helicopter_3
MODIFY,0055.92,1,0,2,0,0,125,255,50,0,0.6,helicopter_1
MODIFY,0055.96,2,-4,2,0,255,0,255,0,50,0.6,helicopter_2
MODIFY,0056.00,3,4,2,0,175,255,0,50,50,0.6,helicopter_3
MODIFY,0056.04,1,0,2,0,0,125,255,55,0,0.6,helicopter_1
MODIFY,0056.08,2,-4,2,0,255,0,255,0,55,0.6,helicopter_2
MODIFY,0056.12,3,4,2,0,175,255,0,55,55,0.6,helicopter_3
MODIFY,0056.16,1,0,2,0,0,125,255,60,0,0.6,helicopter_1
MODIFY,0056.20,2,-4,2,0,255,0,255,0,60,0.6,helicopter_2
MODIFY,0056.24,3,4,2,0,175,255,0,60,60,0.6,helicopter_3
MODIFY,0056.28,1,0,2,0,0,125,255,65,0,0.6,helicopter_1
MODIFY,0056.32,2,-4,2,0,255,0,255,0,65,0.6,helicopter_2
MODIFY,0056.36,3,4,2,0,175,255,0,65,65,0.6,helicopter_3
MODIFY,0056.40,1,0,2,0,0,125,255,70,0,0.6,helicopter_1
MODIFY,0056.44,2,-4,2,0,255,0,255,0,70,0.6,helicopter_2
MODIFY,0056.48,3,4,2,0,175,255,0,70,70,0.6,helicopter_3
MODIFY,0056.52,1,0,2,0,0,125,255,75,0,0.6,helicopter_1
MODIFY,0056.56,2,-4,2,0,255,0,255,0,75,0.6,helicopter_2
MODIFY,0056.60,3,4,2,0,175,255,0,75,75,0.6,helicopter_3
MODIFY,0056.64,1,0,2,0,0,125,255,80,0,0.6,helicopter_1
MODIFY,0056.68,2,-4,2,0,255,0,255,0,80,0.6,helicopter_2
MODIFY,0056.72,3,4,2,0,175,255,0,80,80,0.6,helicopter_3
MODIFY,0056.76,1,0,2,0,0,125,255,85,0,0.6,helicopter_1
MODIFY,0056.80,2,-4,2,0,255,0,255,0,85,0.6,helicopter_2
MODIFY,0056.84,3,4,2,0,175,255,0,85,85,0.6,helicopter_3
MODIFY,0056.88,1,0,2,0,0,125,255,90,0,0.6,helicopter_1
MODIFY,0056.92,2,-4,2,0,255,0,255,0,90,0.6,helicopter_2
MODIFY,0056.96,3,4,2,0,175,255,0,90,90,0.6,helicopter_3
MODIFY,0057.00,1,0,2,0,0,125,255,95,0,0.6,helicopter_1
MODIFY,0057.04,2,-4,2,0,255,0,255,0,95,0.6,helicopter_2
MODIFY,0057.08,3,4,2,0,175,255,0,95,95,0.6,helicopter_3
MODIFY,0057.12,1,0,2,0,0,125,255,100,0,0.6,helicopter_1
MODIFY,0057.16,2,-4,2,0,255,0,255,0,100,0.6,helicopter_2
MODIFY,0057.20,3,4,2,0,175,255,0,100,100,0.6,helicopter_3
MODIFY,0057.24,1,0,2,0,0,125,255,105,0,0.6,helicopter_1
MODIFY,0057.28,2,-4,2,0,255,0,255,0,105,0.6,helicopter_2
MODIFY,0057.32,3,4,2,0,175,255,0,105,105,0.6,helicopter_3
MODIFY,0057.36,1,0,2,0,0,125,255,110,0,0.6,helicopter_1
MODIFY,0057.40,2,-4,2,0,255,0,255,0,110,0.6,helicopter_2
MODIFY,0057.44,3,4,2,0,175,255,0,110,110,0.6,helicopter_3
MODIFY,0057.48,1,0,2,0,0,125,255,115,0,0.6,helicopter_1
MODIFY,0057.52,2,-4,2,0,255,0,255,0,115,0.6,helicopter_2
MODIFY,0057.56,3,4,2,0,175,255,0,115,115,0.6,helicopter_3
MODIFY,0057.60,1,0,2,0,0,125,255,120,0,0.6,helicopter_1
MODIFY,0057.64,2,-4,2,0,255,0,255,0,120,0.6,helicopter_2
MODIFY,0057.68,3,4,2,0,175,255,0,120,120,0.6,helicopter_3
MODIFY,0057.72,1,0,2,0,0,125,255,125,0,0.6,helicopter_1
MODIFY,0057.76,2,-4,2,0,255,0,255,0,125,0.6,helicopter_2
MODIFY,0057.80,3,4,2,0,175,255,0,125,125,0.6,helicopter_3
MODIFY,0057.84,1,0,2,0,0,125,255,130,0,0.6,helicopter_1
MODIFY,0057.88,2,-4,2,0,255,0,255,0,130,0.6,helicopter_2
MODIFY,0057.92,3,4,2,0,175,255,0,130,130,0.6,helicopter_3
MODIFY,0057.96,1,0,2,0,0,125,255,135,0,0.6,helicopter_1
MODIFY,0058.00,2,-4,2,0,255,0,255,0,135,0.6,helicopter_2
MODIFY,0058.04,3,4,2,0,175,255,0,135,135,0.6,helicopter_3
MODIFY,0058.08,1,0,2,0,0,125,255,140,0,0.6,helicopter_1
MODIFY,0058.12,2,-4,2,0,255,0,255,0,140,0.6,helicopter_2
MODIFY,0058.16,3,4,2,0,175,255,0,140,140,0.6,helicopter_3
MODIFY,0058.20,1,0,2,0,0,125,255,145,0,0.6,helicopter_1
MODIFY,0058.24,2,-4,2,0,255,0,255,0,145,0.6,helicopter_2
MODIFY,0058.28,3,4,2,0,175,255,0,145,145,0.6,helicopter_3
MODIFY,0058.32,1,0,2,0,0,125,255,150,0,0.6,helicopter_1
MODIFY,0058.36,2,-4,2,0,255,0,255,0,150,0.6,helicopter_2
MODIFY,0058.40,3,4,2,0,175,255,0,150,150,0.6,helicopter_3
MODIFY,0058.44,1,0,2,0,0,125,255,155,0,0.6,helicopter_1
MODIFY,0058.48,2,-4,2,0,255,0,255,0,155,0.6,helicopter_2
MODIFY,0058.52,3,4,2,0,175,255,0,155,155,0.6,helicopter_3
MODIFY,0058.56,1,0,2,0,0,125,255,160,0,0.6,helicopter_1
MODIFY,0058.60,2,-4,2,0,255,0,255,0,160,0.6,helicopter_2
MODIFY,0058.64,3,4,2,0,175,255,0,160,160,0.6,helicopter_3
MODIFY,0058.68,1,0,2,0,0,125,255,165,0,0.6,helicopter_1
MODIFY,0058.72,2,-4,2,0,255,0,255,0,165,0.6,helicopter_2
MODIFY,0058.76,3,4,2,0,175,255,0,165,165,0.6,helicopter_3
MODIFY,0058.80,1,0,2,0,0,125,255,170,0,0.6,helicopter_1
MODIFY,0058.84,2,-4,2,0,255,0,255,0,170,0.6,helicopter_2
MODIFY,0058.88,3,4,2,0,175,255,0,170,170,0.6,helicopter_3
MODIFY,0058.92,1,0,2,0,0,125,255,175,0,0.6,helicopter_1
MODIFY,0058.96,2,-4,2,0,255,0,255,0,175,0.6,helicopter_2
MODIFY,0059.00,3,4,2,0,175,255,0,175,175,0.6,helicopter_3
MODIFY,0059.04,1,0,2,0,0,125,255,-180,0,0.6,helicopter_1
MODIFY,0059.08,2,-4,2,0,255,0,255,0,-180,0.6,helicopter_2
MODIFY,0059.12,3,4,2,0,175,255,0,-180,-180,0.6,helicopter_3
MODIFY,0059.16,1,0,2,0,0,125,255,-175,0,0.6,helicopter_1
MODIFY,0059.20,2,-4,2,0,255,0,255,0,-175,0.6,helicopter_2
MODIFY,0059.24,3,4,2,0,175,255,0,-175,-175,0.6,helicopter_3
MODIFY,0059.28,1,0,2,0,0,125,255,-170,0,0.6,helicopter_1
MODIFY,0059.32,2,-4,2,0,255,0,255,0,-170,0.6,helicopter_2
MODIFY,0059.36,3,4,2,0,175,255,0,-170,-170,0.6,helicopter_3
MODIFY,0059.40,1,0,2,0,0,125,255,-165,0,0.6,helicopter_1
MODIFY,0059.44,2,-4,2,0,255,0,255,0,-165,0.6,helicopter_2
MODIFY,0059.48,3,4,2,0,175,255,0,-165,-165,0.6,helicopter_3
MODIFY,0059.52,1,0,2,0,0,125,255,-160,0,0.6,helicopter_1
MODIFY,0059.56,2,-4,2,0,255,0,255,0,-160,0.6,helicopter_2
MODIFY,0059.60,3,4,2,0,175,255,0,-160,-160,0.6,helicopter_3
MODIFY,0059.64,1,0,2,0,0,125,255,-155,0,0.6,helicopter_1
MODIFY,0059.68,2,-4,2,0,255,0,255,0,-155,0.6,helicopter_2
MODIFY,0059.72,3,4,2,0,175,255,0,-155,-155,0.6,helicopter_3
MODIFY,0059.76,1,0,2,0,0,125,255,-150,0,0.6,helicopter_1
MODIFY,0059.80,2,-4,2,0,255,0,255,0,-150,0.6,helicopter_2
MODIFY,0059.84,3,4,2,0,175,255,0,-150,-150,0.6,helicopter_3
MODIFY,0059.88,1,0,2,0,0,125,255,-145,0,0.6,helicopter_1
MODIFY,0059.92,2,-4,2,0,255,0,255,0,-145,0.6,helicopter_2
MODIFY,0059.96,3,4,2,0,175,255,0,-145,-145,0.6,helicopter_3
MODIFY,0060.00,1,0,2,0,0,125,255,-140,0,0.6,helicopter_1
